[17:05:45] [main/INFO]: Environment: authHost='https://authserver.mojang.com', accountsHost='https://api.mojang.com', sessionHost='https://sessionserver.mojang.com', servicesHost='https://api.minecraftservices.com', name='PROD'
[17:05:45] [main/INFO]: Reloading ResourceManager: Default, bukkit, VanillaTweaks_c415081.zip, anti enderman grief v1.1.0.zip, armor statues v2.8.1.zip, armored elytra v1.0.3.zip, cauldron concrete v2.0.3.zip, coordinates hud v1.2.0.zip, count mob deaths v1.1.0.zip, double shulker shells v1.3.0.zip, durability ping v1.1.0.zip, fast leaf decay v2.0.3.zip, graves v2.8.0.zip, more mob heads v2.8.1.zip, multiplayer sleep v2.5.2.zip, nether portal coords v1.1.0.zip, player head drops v1.1.0.zip, redstone rotation wrench v1.1.0.zip, silence mobs v1.1.0.zip, spectator conduit power v1.1.0.zip, spectator night vision v1.1.0.zip, terracotta rotation wrench v1.1.0.zip, track raw statistics v1.4.0.zip, track statistics v1.1.0.zip, treasure gems v1.2.0.zip, villager death messages v1.2.1.zip, back v1.2.0.zip, homes v1.4.1.zip, spawn v2.3.0.zip, tpa v2.3.0.zip, classic fishing loot v1.1.0.zip, wandering trades v1.4.0.zip
[17:05:47] [Worker-Main-4/INFO]: Loaded 7 recipes
[17:05:48] [Worker-Main-4/WARN]: Found validation problem in {minecraft:entities/ender_dragon}.pools[0].entries[0]: Unknown loot table called minecraft:entities/reference/extra/ender_dragon
[17:05:48] [Worker-Main-4/WARN]: Found validation problem in {minecraft:entities/villager}.pools[0].entries[0]: Unknown loot table called minecraft:entities/reference/villager/villager_head
[17:05:49] [Server thread/INFO]: Starting minecraft server version 1.16.4
[17:05:49] [Server thread/INFO]: Loading properties
[17:05:49] [Server thread/INFO]: This server is running Paper version git-Paper-288 (MC: 1.16.4) (Implementing API version 1.16.4-R0.1-SNAPSHOT)
[17:05:50] [Server thread/INFO]: Using 4 threads for Netty based IO
[17:05:50] [Server thread/INFO]: Server Ping Player Sample Count: 12
[17:05:50] [Server thread/INFO]: Debug logging is disabled
[17:05:50] [Server thread/INFO]: Default game type: SURVIVAL
[17:05:50] [Server thread/INFO]: Generating keypair
[17:05:50] [Server thread/INFO]: Starting Minecraft server on *:33247
[17:05:50] [Server thread/INFO]: Using default channel type
[17:05:55] [Server thread/WARN]: Initializing Legacy Material Support. Unless you have legacy plugins and/or data this is a bug!
[17:06:01] [Server thread/WARN]: Legacy plugin LagMeter v1.17.0 does not specify an api-version.
[17:06:01] [Server thread/INFO]: [WorldEdit] Loading WorldEdit v7.2.0+a51fa43
[17:06:02] [Server thread/INFO]: Got request to register class com.sk89q.worldedit.bukkit.BukkitServerInterface with WorldEdit [com.sk89q.worldedit.extension.platform.PlatformManager@785794b]
[17:06:02] [Server thread/INFO]: [TWings] Loading TWings v1.5.0
[17:06:02] [Server thread/INFO]: [FastChunkPregenerator] Loading FastChunkPregenerator v2.0.3-SNAPSHOT
[17:06:02] [Server thread/INFO]: [LagMeter] Loading LagMeter v1.17.0
[17:06:02] [Server thread/INFO]: [ViaVersion] Loading ViaVersion v3.2.0
[17:06:02] [Server thread/INFO]: [ViaVersion] ViaVersion 3.2.0 is now loaded, injecting!
[17:06:03] [Via-Mappingloader-1/INFO]: [ViaVersion] Loading 1.13 -> 1.13.2 mappings...
[17:06:03] [Via-Mappingloader-0/INFO]: [ViaVersion] Loading 1.12 -> 1.13 mappings...
[17:06:03] [Server thread/INFO]: [TabTPS] Loading TabTPS v1.2.1
[17:06:03] [Server thread/INFO]: [ViaBackwards] Loading ViaBackwards v3.2.0
[17:06:03] [Server thread/INFO]: [Multiverse-Core] Loading Multiverse-Core v4.2.2-b812
[17:06:03] [Server thread/INFO]: [CoreProtect] Loading CoreProtect v19.3
[17:06:03] [Server thread/INFO]: [ViaRewind] Loading ViaRewind v1.5.2
[17:06:03] [Server thread/INFO]: [Multiverse-Inventories] Loading Multiverse-Inventories v4.2.1-b490
[17:06:03] [Server thread/INFO]: [Multiverse-SignPortals] Loading Multiverse-SignPortals v4.2.0-b762
[17:06:03] [Server thread/INFO]: [Multiverse-Portals] Loading Multiverse-Portals v4.2.1-b834
[17:06:03] [Server thread/INFO]: [Multiverse-NetherPortals] Loading Multiverse-NetherPortals v4.2.1-b786
[17:06:03] [Server thread/INFO]: Server permissions file permissions.yml is empty, ignoring it
[17:06:03] [Server thread/INFO]: [WorldEdit] Enabling WorldEdit v7.2.0+a51fa43
[17:06:03] [Via-Mappingloader-4/INFO]: [ViaVersion] Loading 1.15 -> 1.16 mappings...
[17:06:03] [Via-Mappingloader-3/INFO]: [ViaVersion] Loading 1.14 -> 1.15 mappings...
[17:06:03] [Via-Mappingloader-5/INFO]: [ViaVersion] Loading 1.16 -> 1.16.2 mappings...
[17:06:03] [Via-Mappingloader-2/INFO]: [ViaVersion] Loading 1.13.2 -> 1.14 mappings...
[17:06:03] [Server thread/INFO]: WEPIF: Using the Bukkit Permissions API.
[17:06:03] [Via-Mappingloader-0/INFO]: [ViaVersion] Loading block connection mappings ...
[17:06:04] [Server thread/INFO]: Using com.sk89q.worldedit.bukkit.adapter.impl.Spigot_v1_16_R3 as the Bukkit adapter
[17:06:05] [Server thread/INFO]: [ViaBackwards] Enabling ViaBackwards v3.2.0
[17:06:05] [Server thread/INFO]: [ViaBackwards] Loading translations...
[17:06:05] [Server thread/INFO]: [ViaBackwards] Registering protocols...
[17:06:05] [Via-Mappingloader-0/INFO]: [ViaVersion] Loading 1.13 -> 1.12 mappings...
[17:06:05] [Via-Mappingloader-3/INFO]: [ViaVersion] Loading 1.13.2 -> 1.13 mappings...
[17:06:05] [Via-Mappingloader-5/INFO]: [ViaVersion] Loading 1.14 -> 1.13.2 mappings...
[17:06:05] [Via-Mappingloader-5/INFO]: [ViaVersion] Loading 1.15 -> 1.14 mappings...
[17:06:05] [Via-Mappingloader-5/INFO]: [ViaVersion] Loading 1.16 -> 1.15 mappings...
[17:06:05] [Via-Mappingloader-3/INFO]: [ViaVersion] Loading 1.16.2 -> 1.16 mappings...
[17:06:05] [Server thread/INFO]: [ViaRewind] Enabling ViaRewind v1.5.2
[17:06:06] [Server thread/INFO]: Preparing level "world"
[17:06:06] [Server thread/INFO]: -------- World Settings For [world] --------
[17:06:06] [Server thread/INFO]: Item Merge Radius: 2.5
[17:06:06] [Server thread/INFO]: Item Despawn Rate: 6000
[17:06:06] [Server thread/INFO]: Entity Tracking Range: Pl 48 / An 48 / Mo 48 / Mi 32 / Other 64
[17:06:06] [Server thread/INFO]: Allow Zombie Pigmen to spawn from portal blocks: true
[17:06:06] [Server thread/INFO]: View Distance: 16
[17:06:06] [Server thread/INFO]: Arrow Despawn Rate: 1200 Trident Respawn Rate:1200
[17:06:06] [Server thread/INFO]: Custom Map Seeds:  Village: 10387312 Desert: 14357617 Igloo: 14357618 Jungle: 14357619 Swamp: 14357620 Monument: 10387313 Ocean: 14357621 Shipwreck: 165745295 End City: 10387313 Slime: 987234911 Bastion: 30084232 Fortress: 30084232 Mansion: 10387319 Fossil: 14357921 Portal: 34222645
[17:06:06] [Server thread/INFO]: Nerfing mobs spawned from spawners: false
[17:06:06] [Server thread/INFO]: Mob Spawn Range: 8
[17:06:06] [Server thread/INFO]: Zombie Aggressive Towards Villager: true
[17:06:06] [Server thread/INFO]: Experience Merge Radius: 3.0
[17:06:06] [Server thread/INFO]: Cactus Growth Modifier: 100%
[17:06:06] [Server thread/INFO]: Cane Growth Modifier: 100%
[17:06:06] [Server thread/INFO]: Melon Growth Modifier: 100%
[17:06:06] [Server thread/INFO]: Mushroom Growth Modifier: 100%
[17:06:06] [Server thread/INFO]: Pumpkin Growth Modifier: 100%
[17:06:06] [Server thread/INFO]: Sapling Growth Modifier: 100%
[17:06:06] [Server thread/INFO]: Beetroot Growth Modifier: 100%
[17:06:06] [Server thread/INFO]: Carrot Growth Modifier: 100%
[17:06:06] [Server thread/INFO]: Potato Growth Modifier: 100%
[17:06:06] [Server thread/INFO]: Wheat Growth Modifier: 100%
[17:06:06] [Server thread/INFO]: NetherWart Growth Modifier: 100%
[17:06:06] [Server thread/INFO]: Vine Growth Modifier: 100%
[17:06:06] [Server thread/INFO]: Cocoa Growth Modifier: 100%
[17:06:06] [Server thread/INFO]: Bamboo Growth Modifier: 100%
[17:06:06] [Server thread/INFO]: SweetBerry Growth Modifier: 100%
[17:06:06] [Server thread/INFO]: Kelp Growth Modifier: 100%
[17:06:06] [Server thread/INFO]: Entity Activation Range: An 32 / Mo 32 / Ra 48 / Mi 16 / Tiv true
[17:06:06] [Server thread/INFO]: Hopper Transfer: 8 Hopper Check: 1 Hopper Amount: 1
[17:06:06] [Server thread/INFO]: Tile Max Tick Time: 50ms Entity max Tick Time: 50ms
[17:06:06] [Server thread/INFO]: Max TNT Explosions: 100
[17:06:06] [Server thread/INFO]: Registering commands with com.sk89q.worldedit.bukkit.BukkitServerInterface
[17:06:07] [Server thread/INFO]: -------- World Settings For [world_nether] --------
[17:06:07] [Server thread/INFO]: Item Merge Radius: 2.5
[17:06:07] [Server thread/INFO]: Item Despawn Rate: 6000
[17:06:07] [Server thread/INFO]: Entity Tracking Range: Pl 48 / An 48 / Mo 48 / Mi 32 / Other 64
[17:06:07] [Server thread/INFO]: Allow Zombie Pigmen to spawn from portal blocks: true
[17:06:07] [Server thread/INFO]: View Distance: 16
[17:06:07] [Server thread/INFO]: Arrow Despawn Rate: 1200 Trident Respawn Rate:1200
[17:06:07] [Server thread/INFO]: Custom Map Seeds:  Village: 10387312 Desert: 14357617 Igloo: 14357618 Jungle: 14357619 Swamp: 14357620 Monument: 10387313 Ocean: 14357621 Shipwreck: 165745295 End City: 10387313 Slime: 987234911 Bastion: 30084232 Fortress: 30084232 Mansion: 10387319 Fossil: 14357921 Portal: 34222645
[17:06:07] [Server thread/INFO]: Nerfing mobs spawned from spawners: false
[17:06:07] [Server thread/INFO]: Mob Spawn Range: 8
[17:06:07] [Server thread/INFO]: Zombie Aggressive Towards Villager: true
[17:06:07] [Server thread/INFO]: Experience Merge Radius: 3.0
[17:06:07] [Server thread/INFO]: Cactus Growth Modifier: 100%
[17:06:07] [Server thread/INFO]: Cane Growth Modifier: 100%
[17:06:07] [Server thread/INFO]: Melon Growth Modifier: 100%
[17:06:07] [Server thread/INFO]: Mushroom Growth Modifier: 100%
[17:06:07] [Server thread/INFO]: Pumpkin Growth Modifier: 100%
[17:06:07] [Server thread/INFO]: Sapling Growth Modifier: 100%
[17:06:07] [Server thread/INFO]: Beetroot Growth Modifier: 100%
[17:06:07] [Server thread/INFO]: Carrot Growth Modifier: 100%
[17:06:07] [Server thread/INFO]: Potato Growth Modifier: 100%
[17:06:07] [Server thread/INFO]: Wheat Growth Modifier: 100%
[17:06:07] [Server thread/INFO]: NetherWart Growth Modifier: 100%
[17:06:07] [Server thread/INFO]: Vine Growth Modifier: 100%
[17:06:07] [Server thread/INFO]: Cocoa Growth Modifier: 100%
[17:06:07] [Server thread/INFO]: Bamboo Growth Modifier: 100%
[17:06:07] [Server thread/INFO]: SweetBerry Growth Modifier: 100%
[17:06:07] [Server thread/INFO]: Kelp Growth Modifier: 100%
[17:06:07] [Server thread/INFO]: Entity Activation Range: An 32 / Mo 32 / Ra 48 / Mi 16 / Tiv true
[17:06:07] [Server thread/INFO]: Hopper Transfer: 8 Hopper Check: 1 Hopper Amount: 1
[17:06:07] [Server thread/INFO]: Tile Max Tick Time: 50ms Entity max Tick Time: 50ms
[17:06:07] [Server thread/INFO]: Max TNT Explosions: 100
[17:06:07] [Server thread/INFO]: -------- World Settings For [world_the_end] --------
[17:06:07] [Server thread/INFO]: Item Merge Radius: 2.5
[17:06:07] [Server thread/INFO]: Item Despawn Rate: 6000
[17:06:07] [Server thread/INFO]: Entity Tracking Range: Pl 48 / An 48 / Mo 48 / Mi 32 / Other 64
[17:06:07] [Server thread/INFO]: Allow Zombie Pigmen to spawn from portal blocks: true
[17:06:07] [Server thread/INFO]: View Distance: 16
[17:06:07] [Server thread/INFO]: Arrow Despawn Rate: 1200 Trident Respawn Rate:1200
[17:06:07] [Server thread/INFO]: Custom Map Seeds:  Village: 10387312 Desert: 14357617 Igloo: 14357618 Jungle: 14357619 Swamp: 14357620 Monument: 10387313 Ocean: 14357621 Shipwreck: 165745295 End City: 10387313 Slime: 987234911 Bastion: 30084232 Fortress: 30084232 Mansion: 10387319 Fossil: 14357921 Portal: 34222645
[17:06:07] [Server thread/INFO]: Nerfing mobs spawned from spawners: false
[17:06:07] [Server thread/INFO]: Mob Spawn Range: 8
[17:06:07] [Server thread/INFO]: Zombie Aggressive Towards Villager: true
[17:06:07] [Server thread/INFO]: Experience Merge Radius: 3.0
[17:06:07] [Server thread/INFO]: Cactus Growth Modifier: 100%
[17:06:07] [Server thread/INFO]: Cane Growth Modifier: 100%
[17:06:07] [Server thread/INFO]: Melon Growth Modifier: 100%
[17:06:07] [Server thread/INFO]: Mushroom Growth Modifier: 100%
[17:06:07] [Server thread/INFO]: Pumpkin Growth Modifier: 100%
[17:06:07] [Server thread/INFO]: Sapling Growth Modifier: 100%
[17:06:07] [Server thread/INFO]: Beetroot Growth Modifier: 100%
[17:06:07] [Server thread/INFO]: Carrot Growth Modifier: 100%
[17:06:07] [Server thread/INFO]: Potato Growth Modifier: 100%
[17:06:07] [Server thread/INFO]: Wheat Growth Modifier: 100%
[17:06:07] [Server thread/INFO]: NetherWart Growth Modifier: 100%
[17:06:07] [Server thread/INFO]: Vine Growth Modifier: 100%
[17:06:07] [Server thread/INFO]: Cocoa Growth Modifier: 100%
[17:06:07] [Server thread/INFO]: Bamboo Growth Modifier: 100%
[17:06:07] [Server thread/INFO]: SweetBerry Growth Modifier: 100%
[17:06:07] [Server thread/INFO]: Kelp Growth Modifier: 100%
[17:06:07] [Server thread/INFO]: Entity Activation Range: An 32 / Mo 32 / Ra 48 / Mi 16 / Tiv true
[17:06:07] [Server thread/INFO]: Hopper Transfer: 8 Hopper Check: 1 Hopper Amount: 1
[17:06:07] [Server thread/INFO]: Tile Max Tick Time: 50ms Entity max Tick Time: 50ms
[17:06:07] [Server thread/INFO]: Max TNT Explosions: 100
[17:06:07] [Server thread/INFO]: Preparing start region for dimension minecraft:overworld
[17:06:09] [Server thread/INFO]: Loaded 0 spawn chunks for world world
[17:06:09] [Server thread/INFO]: Preparing spawn area: 0%
[17:06:09] [Server thread/INFO]: Preparing spawn area: 0%
[17:06:09] [Server thread/INFO]: Preparing spawn area: 0%
[17:06:09] [Server thread/INFO]: Preparing spawn area: 0%
[17:06:09] [Server thread/INFO]: Time elapsed: 1583 ms
[17:06:09] [Server thread/INFO]: Preparing start region for dimension minecraft:the_nether
[17:06:10] [Server thread/INFO]: Loaded 0 spawn chunks for world world_nether
[17:06:11] [Server thread/INFO]: Time elapsed: 1592 ms
[17:06:11] [Server thread/INFO]: Preparing start region for dimension minecraft:the_end
[17:06:12] [Server thread/INFO]: Loaded 0 spawn chunks for world world_the_end
[17:06:22] [Server thread/INFO]: Time elapsed: 10963 ms
[17:06:22] [Server thread/INFO]: [TWings] Enabling TWings v1.5.0
[17:06:22] [Server thread/INFO]: Getting content for URl : https://www.spigotmc.org/resources/82088/
[17:06:28] [Server thread/INFO]: [PixelStrace's Twings] Enabled!
[17:06:28] [Server thread/INFO]: [FastChunkPregenerator] Enabling FastChunkPregenerator v2.0.3-SNAPSHOT
[17:06:28] [Server thread/INFO]: [FastChunkPregenerator] >> Paper was found.
[17:06:28] [Server thread/INFO]: [FastChunkPregenerator] >> Async chunk loading support is enabled.
[17:06:28] [Server thread/INFO]: [LagMeter] Enabling LagMeter v1.17.0*
[17:06:28] [Server thread/INFO]: [LagMeter] Not using logs folder.
[17:06:28] [Server thread/INFO]: [LagMeter] Enabled! Polling every 40 server ticks. Logging to C:\Users\adama\OneDrive\Dokumenty\GitHub\kupeck\mcserver-synched\plugins\LagMeter\lag.log.
[17:06:28] [Server thread/INFO]: [LagMeter] Chunks loaded:
[17:06:28] [Server thread/INFO]: [LagMeter] World "world": 1.
[17:06:28] [Server thread/INFO]: [LagMeter] World "world_nether": 0.
[17:06:28] [Server thread/INFO]: [LagMeter] World "world_the_end": 0.
[17:06:28] [Server thread/INFO]: [LagMeter] Total chunks loaded: 1
[17:06:28] [Server thread/INFO]: [LagMeter] Entities:
[17:06:28] [Server thread/INFO]: [LagMeter] World "world": 0.
[17:06:28] [Server thread/INFO]: [LagMeter] World "world_nether": 0.
[17:06:28] [Server thread/INFO]: [LagMeter] World "world_the_end": 0.
[17:06:28] [Server thread/INFO]: [LagMeter] Total entities: 0
[17:06:28] [Server thread/INFO]: [ViaVersion] Enabling ViaVersion v3.2.0
[17:06:28] [Server thread/INFO]: [TabTPS] Enabling TabTPS v1.2.1
[17:06:29] [Server thread/INFO]: [TabTPS] Successfully registered Mojang Brigadier support for commands.
[17:06:29] [Server thread/INFO]: [TabTPS] Successfully registered asynchronous command completion listener.
[17:06:29] [Server thread/INFO]: [Multiverse-Core] Enabling Multiverse-Core v4.2.2-b812
[17:06:29] [Server thread/WARN]: [Multiverse-Core] "Multiverse-Core v4.2.2-b812" has registered a listener for org.bukkit.event.entity.EntityCreatePortalEvent on method "public void com.onarandombox.MultiverseCore.listeners.MVPortalListener.entityPortalCreate(org.bukkit.event.entity.EntityCreatePortalEvent)", but the event is Deprecated. "Server performance will be affected"; please notify the authors [dumptruckman, Rigby, fernferret, lithium3141, main--].
[17:06:29] [Server thread/INFO]: [Multiverse-Core] We are aware of the warning about the deprecated event. There is no alternative that allows us to do what we need to do and performance impact is negligible. It is safe to ignore.
[17:06:30] [Server thread/INFO]: -------- World Settings For [survival] --------
[17:06:30] [Server thread/INFO]: Item Merge Radius: 2.5
[17:06:30] [Server thread/INFO]: Item Despawn Rate: 6000
[17:06:30] [Server thread/INFO]: Entity Tracking Range: Pl 48 / An 48 / Mo 48 / Mi 32 / Other 64
[17:06:30] [Server thread/INFO]: Allow Zombie Pigmen to spawn from portal blocks: true
[17:06:30] [Server thread/INFO]: View Distance: 16
[17:06:30] [Server thread/INFO]: Arrow Despawn Rate: 1200 Trident Respawn Rate:1200
[17:06:30] [Server thread/INFO]: Custom Map Seeds:  Village: 10387312 Desert: 14357617 Igloo: 14357618 Jungle: 14357619 Swamp: 14357620 Monument: 10387313 Ocean: 14357621 Shipwreck: 165745295 End City: 10387313 Slime: 987234911 Bastion: 30084232 Fortress: 30084232 Mansion: 10387319 Fossil: 14357921 Portal: 34222645
[17:06:30] [Server thread/INFO]: Nerfing mobs spawned from spawners: false
[17:06:30] [Server thread/INFO]: Mob Spawn Range: 8
[17:06:30] [Server thread/INFO]: Zombie Aggressive Towards Villager: true
[17:06:30] [Server thread/INFO]: Experience Merge Radius: 3.0
[17:06:30] [Server thread/INFO]: Cactus Growth Modifier: 100%
[17:06:30] [Server thread/INFO]: Cane Growth Modifier: 100%
[17:06:30] [Server thread/INFO]: Melon Growth Modifier: 100%
[17:06:30] [Server thread/INFO]: Mushroom Growth Modifier: 100%
[17:06:30] [Server thread/INFO]: Pumpkin Growth Modifier: 100%
[17:06:30] [Server thread/INFO]: Sapling Growth Modifier: 100%
[17:06:30] [Server thread/INFO]: Beetroot Growth Modifier: 100%
[17:06:30] [Server thread/INFO]: Carrot Growth Modifier: 100%
[17:06:30] [Server thread/INFO]: Potato Growth Modifier: 100%
[17:06:30] [Server thread/INFO]: Wheat Growth Modifier: 100%
[17:06:30] [Server thread/INFO]: NetherWart Growth Modifier: 100%
[17:06:30] [Server thread/INFO]: Vine Growth Modifier: 100%
[17:06:30] [Server thread/INFO]: Cocoa Growth Modifier: 100%
[17:06:30] [Server thread/INFO]: Bamboo Growth Modifier: 100%
[17:06:30] [Server thread/INFO]: SweetBerry Growth Modifier: 100%
[17:06:30] [Server thread/INFO]: Kelp Growth Modifier: 100%
[17:06:30] [Server thread/INFO]: Entity Activation Range: An 32 / Mo 32 / Ra 48 / Mi 16 / Tiv true
[17:06:30] [Server thread/INFO]: Hopper Transfer: 8 Hopper Check: 1 Hopper Amount: 1
[17:06:30] [Server thread/INFO]: Tile Max Tick Time: 50ms Entity max Tick Time: 50ms
[17:06:30] [Server thread/INFO]: Max TNT Explosions: 100
[17:06:30] [Server thread/INFO]: Preparing start region for dimension minecraft:survival
[17:06:30] [Server thread/INFO]: Loaded 0 spawn chunks for world survival
[17:06:31] [Server thread/INFO]: Time elapsed: 637 ms
[17:06:31] [Server thread/INFO]: [Multiverse-Core] 4 - World(s) loaded.
[17:06:32] [Server thread/INFO]: [Multiverse-Core] Version 4.2.2-b812 (API v24) Enabled - By dumptruckman, Rigby, fernferret, lithium3141 and main--
[17:06:32] [Server thread/INFO]: [CoreProtect] Enabling CoreProtect v19.3
[17:06:34] [Server thread/INFO]: [CoreProtect] CoreProtect has been successfully enabled!
[17:06:34] [Server thread/INFO]: [CoreProtect] Using SQLite for data storage.
[17:06:34] [Server thread/INFO]: --------------------
[17:06:34] [Server thread/INFO]: [CoreProtect] Enjoy CoreProtect? Join our Discord!
[17:06:34] [Server thread/INFO]: [CoreProtect] Discord: www.coreprotect.net/discord/
[17:06:34] [Server thread/INFO]: --------------------
[17:06:34] [Server thread/INFO]: [Multiverse-Inventories] Enabling Multiverse-Inventories v4.2.1-b490
[17:06:34] [Server thread/INFO]: [Multiverse-Inventories 4.2.1-b490] enabled.
[17:06:34] [Server thread/INFO]: [Multiverse-SignPortals] Enabling Multiverse-SignPortals v4.2.0-b762
[17:06:34] [Server thread/INFO]: [Multiverse-SignPortals 4.2.0-b762]  Enabled - By Rigby and fernferret
[17:06:34] [Server thread/INFO]: [Multiverse-Portals] Enabling Multiverse-Portals v4.2.1-b834
[17:06:34] [Server thread/INFO]: [Multiverse-Portals] 3 - Portals(s) loaded
[17:06:34] [Server thread/INFO]: [Multiverse-Portals] Found WorldEdit. Using it for selections.
[17:06:34] [Server thread/INFO]: [Multiverse-Portals 4.2.1-b834]  Enabled - By Rigby and fernferret
[17:06:34] [Server thread/INFO]: [Multiverse-NetherPortals] Enabling Multiverse-NetherPortals v4.2.1-b786
[17:06:34] [Server thread/INFO]: [Multiverse-NetherPortals 4.2.1-b786]  Enabled - By Rigby and fernferret
[17:06:34] [Server thread/INFO]: Starting GS4 status listener
[17:06:34] [Server thread/INFO]: Thread Query Listener started
[17:06:34] [Query Listener #1/INFO]: Query running on 0.0.0.0:33247
[17:06:34] [Server thread/INFO]: Running delayed init tasks
[17:06:34] [Server thread/INFO]: [ViaVersion] ViaVersion detected server version: 1.16.4(754)
[17:06:35] [Server thread/INFO]: [CoreProtect] WorldEdit logging successfully initialized.
[17:06:35] [Server thread/INFO]: [ViaVersion] Shutting down mapping loader executor!
[17:06:35] [Server thread/INFO]: Done (46.153s)! For help, type "help"
[17:06:35] [Server thread/INFO]: Timings Reset
[17:06:37] [Craft Scheduler Thread - 6/INFO]: [TabTPS] You are running the latest version of TabTPS! :)
[17:06:37] [Thread-24/INFO]: [CoreProtect] No donation key found. Please check config.yml.
[17:06:46] [Paper Watchdog Thread/ERROR]: --- DO NOT REPORT THIS TO PAPER - THIS IS NOT A BUG OR A CRASH  - git-Paper-288 (MC: 1.16.4) ---
[17:06:46] [Paper Watchdog Thread/ERROR]: The server has not responded for 11 seconds! Creating thread dump
[17:06:46] [Paper Watchdog Thread/ERROR]: ------------------------------
[17:06:46] [Paper Watchdog Thread/ERROR]: Server thread dump (Look for plugins here before reporting to Paper!):
[17:06:46] [Paper Watchdog Thread/ERROR]: Chunk wait task info below: 
[17:06:46] [Paper Watchdog Thread/ERROR]: 1379305,-261593 in 'world:
[17:06:46] [Paper Watchdog Thread/ERROR]: Load Task - none
[17:06:46] [Paper Watchdog Thread/ERROR]: Save Task - none
[17:06:46] [Paper Watchdog Thread/ERROR]: Chunk Holder - non-null
[17:06:46] [Paper Watchdog Thread/ERROR]: Chunk Status - minecraft:full
[17:06:46] [Paper Watchdog Thread/ERROR]: Chunk Ticket Status - minecraft:full
[17:06:46] [Paper Watchdog Thread/ERROR]: Chunk Holder Status - minecraft:heightmaps
[17:06:46] [Paper Watchdog Thread/ERROR]: Chunk Holder Priority - 2
[17:06:46] [Paper Watchdog Thread/ERROR]: Chunk Neighbors: 
[17:06:46] [Paper Watchdog Thread/ERROR]:   1379307,-261594 in world:
[17:06:46] [Paper Watchdog Thread/ERROR]:   Chunk Holder - non-null
[17:06:46] [Paper Watchdog Thread/ERROR]:   Chunk Status - minecraft:full
[17:06:46] [Paper Watchdog Thread/ERROR]:   Chunk Ticket Status - minecraft:full
[17:06:46] [Paper Watchdog Thread/ERROR]:   Chunk Holder Status - minecraft:features
[17:06:46] [Paper Watchdog Thread/ERROR]:   Chunk Holder Priority - 3
[17:06:46] [Paper Watchdog Thread/ERROR]:   Chunk Neighbors: 
[17:06:46] [Paper Watchdog Thread/ERROR]:     1379308,-261595 in world:
[17:06:46] [Paper Watchdog Thread/ERROR]:     Chunk Holder - non-null
[17:06:46] [Paper Watchdog Thread/ERROR]:     Chunk Status - null chunk
[17:06:46] [Paper Watchdog Thread/ERROR]:     Chunk Ticket Status - minecraft:features
[17:06:46] [Paper Watchdog Thread/ERROR]:     Chunk Holder Status - null
[17:06:46] [Paper Watchdog Thread/ERROR]:     Chunk Holder Priority - 4
[17:06:46] [Paper Watchdog Thread/ERROR]:     1379308,-261594 in world:
[17:06:46] [Paper Watchdog Thread/ERROR]:     Chunk Holder - non-null
[17:06:46] [Paper Watchdog Thread/ERROR]:     Chunk Status - null chunk
[17:06:46] [Paper Watchdog Thread/ERROR]:     Chunk Ticket Status - minecraft:features
[17:06:46] [Paper Watchdog Thread/ERROR]:     Chunk Holder Status - null
[17:06:46] [Paper Watchdog Thread/ERROR]:     Chunk Holder Priority - 4
[17:06:46] [Paper Watchdog Thread/ERROR]:     1379308,-261593 in world:
[17:06:46] [Paper Watchdog Thread/ERROR]:     Chunk Holder - non-null
[17:06:46] [Paper Watchdog Thread/ERROR]:     Chunk Status - null chunk
[17:06:46] [Paper Watchdog Thread/ERROR]:     Chunk Ticket Status - minecraft:features
[17:06:46] [Paper Watchdog Thread/ERROR]:     Chunk Holder Status - null
[17:06:46] [Paper Watchdog Thread/ERROR]:     Chunk Holder Priority - 4
[17:06:46] [Paper Watchdog Thread/ERROR]:   1379303,-261591 in world:
[17:06:46] [Paper Watchdog Thread/ERROR]:   Chunk Holder - non-null
[17:06:46] [Paper Watchdog Thread/ERROR]:   Chunk Status - minecraft:full
[17:06:46] [Paper Watchdog Thread/ERROR]:   Chunk Ticket Status - minecraft:full
[17:06:46] [Paper Watchdog Thread/ERROR]:   Chunk Holder Status - minecraft:features
[17:06:46] [Paper Watchdog Thread/ERROR]:   Chunk Holder Priority - 3
[17:06:46] [Paper Watchdog Thread/ERROR]:   Chunk Neighbors: 
[17:06:46] [Paper Watchdog Thread/ERROR]:     1379302,-261590 in world:
[17:06:46] [Paper Watchdog Thread/ERROR]:     Chunk Holder - non-null
[17:06:46] [Paper Watchdog Thread/ERROR]:     Chunk Status - null chunk
[17:06:46] [Paper Watchdog Thread/ERROR]:     Chunk Ticket Status - minecraft:features
[17:06:46] [Paper Watchdog Thread/ERROR]:     Chunk Holder Status - null
[17:06:46] [Paper Watchdog Thread/ERROR]:     Chunk Holder Priority - 4
[17:06:46] [Paper Watchdog Thread/ERROR]:     1379304,-261590 in world:
[17:06:46] [Paper Watchdog Thread/ERROR]:     Chunk Holder - non-null
[17:06:46] [Paper Watchdog Thread/ERROR]:     Chunk Status - null chunk
[17:06:46] [Paper Watchdog Thread/ERROR]:     Chunk Ticket Status - minecraft:features
[17:06:46] [Paper Watchdog Thread/ERROR]:     Chunk Holder Status - null
[17:06:46] [Paper Watchdog Thread/ERROR]:     Chunk Holder Priority - 4
[17:06:46] [Paper Watchdog Thread/ERROR]:     1379303,-261590 in world:
[17:06:46] [Paper Watchdog Thread/ERROR]:     Chunk Holder - non-null
[17:06:46] [Paper Watchdog Thread/ERROR]:     Chunk Status - null chunk
[17:06:46] [Paper Watchdog Thread/ERROR]:     Chunk Ticket Status - minecraft:features
[17:06:46] [Paper Watchdog Thread/ERROR]:     Chunk Holder Status - null
[17:06:46] [Paper Watchdog Thread/ERROR]:     Chunk Holder Priority - 4
[17:06:46] [Paper Watchdog Thread/ERROR]:     1379302,-261591 in world:
[17:06:46] [Paper Watchdog Thread/ERROR]:     Chunk Holder - non-null
[17:06:46] [Paper Watchdog Thread/ERROR]:     Chunk Status - null chunk
[17:06:46] [Paper Watchdog Thread/ERROR]:     Chunk Ticket Status - minecraft:features
[17:06:46] [Paper Watchdog Thread/ERROR]:     Chunk Holder Status - null
[17:06:46] [Paper Watchdog Thread/ERROR]:     Chunk Holder Priority - 4
[17:06:46] [Paper Watchdog Thread/ERROR]:     1379302,-261592 in world:
[17:06:46] [Paper Watchdog Thread/ERROR]:     Chunk Holder - non-null
[17:06:46] [Paper Watchdog Thread/ERROR]:     Chunk Status - null chunk
[17:06:46] [Paper Watchdog Thread/ERROR]:     Chunk Ticket Status - minecraft:features
[17:06:46] [Paper Watchdog Thread/ERROR]:     Chunk Holder Status - null
[17:06:46] [Paper Watchdog Thread/ERROR]:     Chunk Holder Priority - 4
[17:06:46] [Paper Watchdog Thread/ERROR]:   1379304,-261591 in world:
[17:06:46] [Paper Watchdog Thread/ERROR]:   Chunk Holder - non-null
[17:06:46] [Paper Watchdog Thread/ERROR]:   Chunk Status - minecraft:full
[17:06:46] [Paper Watchdog Thread/ERROR]:   Chunk Ticket Status - minecraft:full
[17:06:46] [Paper Watchdog Thread/ERROR]:   Chunk Holder Status - minecraft:features
[17:06:46] [Paper Watchdog Thread/ERROR]:   Chunk Holder Priority - 3
[17:06:46] [Paper Watchdog Thread/ERROR]:   Chunk Neighbors: 
[17:06:46] [Paper Watchdog Thread/ERROR]:     1379304,-261590 in world (CIRCULAR)
[17:06:46] [Paper Watchdog Thread/ERROR]:     1379303,-261590 in world (CIRCULAR)
[17:06:46] [Paper Watchdog Thread/ERROR]:     1379305,-261590 in world:
[17:06:46] [Paper Watchdog Thread/ERROR]:     Chunk Holder - non-null
[17:06:46] [Paper Watchdog Thread/ERROR]:     Chunk Status - null chunk
[17:06:46] [Paper Watchdog Thread/ERROR]:     Chunk Ticket Status - minecraft:features
[17:06:46] [Paper Watchdog Thread/ERROR]:     Chunk Holder Status - null
[17:06:46] [Paper Watchdog Thread/ERROR]:     Chunk Holder Priority - 4
[17:06:46] [Paper Watchdog Thread/ERROR]:   1379306,-261593 in world:
[17:06:46] [Paper Watchdog Thread/ERROR]:   Chunk Holder - non-null
[17:06:46] [Paper Watchdog Thread/ERROR]:   Chunk Status - minecraft:full
[17:06:46] [Paper Watchdog Thread/ERROR]:   Chunk Ticket Status - minecraft:full
[17:06:46] [Paper Watchdog Thread/ERROR]:   Chunk Holder Status - minecraft:heightmaps
[17:06:46] [Paper Watchdog Thread/ERROR]:   Chunk Holder Priority - 3
[17:06:46] [Paper Watchdog Thread/ERROR]:   Chunk Neighbors: 
[17:06:46] [Paper Watchdog Thread/ERROR]:     1379305,-261594 in world:
[17:06:46] [Paper Watchdog Thread/ERROR]:     Chunk Holder - non-null
[17:06:46] [Paper Watchdog Thread/ERROR]:     Chunk Status - minecraft:full
[17:06:46] [Paper Watchdog Thread/ERROR]:     Chunk Ticket Status - minecraft:full
[17:06:46] [Paper Watchdog Thread/ERROR]:     Chunk Holder Status - minecraft:heightmaps
[17:06:46] [Paper Watchdog Thread/ERROR]:     Chunk Holder Priority - 3
[17:06:46] [Paper Watchdog Thread/ERROR]:     Chunk Neighbors: 
[17:06:46] [Paper Watchdog Thread/ERROR]:       1379304,-261595 in world:
[17:06:46] [Paper Watchdog Thread/ERROR]:       Chunk Holder - non-null
[17:06:46] [Paper Watchdog Thread/ERROR]:       Chunk Status - minecraft:full
[17:06:46] [Paper Watchdog Thread/ERROR]:       Chunk Ticket Status - minecraft:full
[17:06:46] [Paper Watchdog Thread/ERROR]:       Chunk Holder Status - minecraft:features
[17:06:46] [Paper Watchdog Thread/ERROR]:       Chunk Holder Priority - 3
[17:06:46] [Paper Watchdog Thread/ERROR]:       Chunk Neighbors: 
[17:06:46] [Paper Watchdog Thread/ERROR]:         1379303,-261596 in world:
[17:06:46] [Paper Watchdog Thread/ERROR]:         Chunk Holder - non-null
[17:06:46] [Paper Watchdog Thread/ERROR]:         Chunk Status - null chunk
[17:06:46] [Paper Watchdog Thread/ERROR]:         Chunk Ticket Status - minecraft:features
[17:06:46] [Paper Watchdog Thread/ERROR]:         Chunk Holder Status - null
[17:06:46] [Paper Watchdog Thread/ERROR]:         Chunk Holder Priority - 4
[17:06:46] [Paper Watchdog Thread/ERROR]:         1379304,-261596 in world:
[17:06:46] [Paper Watchdog Thread/ERROR]:         Chunk Holder - non-null
[17:06:46] [Paper Watchdog Thread/ERROR]:         Chunk Status - null chunk
[17:06:46] [Paper Watchdog Thread/ERROR]:         Chunk Ticket Status - minecraft:features
[17:06:46] [Paper Watchdog Thread/ERROR]:         Chunk Holder Status - null
[17:06:46] [Paper Watchdog Thread/ERROR]:         Chunk Holder Priority - 4
[17:06:46] [Paper Watchdog Thread/ERROR]:         1379305,-261596 in world:
[17:06:46] [Paper Watchdog Thread/ERROR]:         Chunk Holder - non-null
[17:06:46] [Paper Watchdog Thread/ERROR]:         Chunk Status - null chunk
[17:06:46] [Paper Watchdog Thread/ERROR]:         Chunk Ticket Status - minecraft:features
[17:06:46] [Paper Watchdog Thread/ERROR]:         Chunk Holder Status - null
[17:06:46] [Paper Watchdog Thread/ERROR]:         Chunk Holder Priority - 4
[17:06:46] [Paper Watchdog Thread/ERROR]:       1379306,-261595 in world:
[17:06:46] [Paper Watchdog Thread/ERROR]:       Chunk Holder - non-null
[17:06:46] [Paper Watchdog Thread/ERROR]:       Chunk Status - minecraft:full
[17:06:46] [Paper Watchdog Thread/ERROR]:       Chunk Ticket Status - minecraft:full
[17:06:46] [Paper Watchdog Thread/ERROR]:       Chunk Holder Status - minecraft:features
[17:06:46] [Paper Watchdog Thread/ERROR]:       Chunk Holder Priority - 3
[17:06:46] [Paper Watchdog Thread/ERROR]:       Chunk Neighbors: 
[17:06:46] [Paper Watchdog Thread/ERROR]:         1379305,-261596 in world (CIRCULAR)
[17:06:46] [Paper Watchdog Thread/ERROR]:         1379306,-261596 in world:
[17:06:46] [Paper Watchdog Thread/ERROR]:         Chunk Holder - non-null
[17:06:46] [Paper Watchdog Thread/ERROR]:         Chunk Status - null chunk
[17:06:46] [Paper Watchdog Thread/ERROR]:         Chunk Ticket Status - minecraft:features
[17:06:46] [Paper Watchdog Thread/ERROR]:         Chunk Holder Status - null
[17:06:46] [Paper Watchdog Thread/ERROR]:         Chunk Holder Priority - 4
[17:06:46] [Paper Watchdog Thread/ERROR]:         1379307,-261596 in world:
[17:06:46] [Paper Watchdog Thread/ERROR]:         Chunk Holder - non-null
[17:06:46] [Paper Watchdog Thread/ERROR]:         Chunk Status - null chunk
[17:06:46] [Paper Watchdog Thread/ERROR]:         Chunk Ticket Status - minecraft:features
[17:06:46] [Paper Watchdog Thread/ERROR]:         Chunk Holder Status - null
[17:06:46] [Paper Watchdog Thread/ERROR]:         Chunk Holder Priority - 4
[17:06:46] [Paper Watchdog Thread/ERROR]:       1379306,-261593 in world (CIRCULAR)
[17:06:46] [Paper Watchdog Thread/ERROR]:       1379304,-261593 in world:
[17:06:46] [Paper Watchdog Thread/ERROR]:       Chunk Holder - non-null
[17:06:46] [Paper Watchdog Thread/ERROR]:       Chunk Status - minecraft:full
[17:06:46] [Paper Watchdog Thread/ERROR]:       Chunk Ticket Status - minecraft:full
[17:06:46] [Paper Watchdog Thread/ERROR]:       Chunk Holder Status - minecraft:heightmaps
[17:06:46] [Paper Watchdog Thread/ERROR]:       Chunk Holder Priority - 3
[17:06:46] [Paper Watchdog Thread/ERROR]:       Chunk Neighbors: 
[17:06:46] [Paper Watchdog Thread/ERROR]:         1379305,-261594 in world (CIRCULAR)
[17:06:46] [Paper Watchdog Thread/ERROR]:         1379305,-261593 in world (CIRCULAR)
[17:06:46] [Paper Watchdog Thread/ERROR]:         1379304,-261592 in world:
[17:06:46] [Paper Watchdog Thread/ERROR]:         Chunk Holder - non-null
[17:06:46] [Paper Watchdog Thread/ERROR]:         Chunk Status - minecraft:full
[17:06:46] [Paper Watchdog Thread/ERROR]:         Chunk Ticket Status - minecraft:full
[17:06:46] [Paper Watchdog Thread/ERROR]:         Chunk Holder Status - minecraft:heightmaps
[17:06:46] [Paper Watchdog Thread/ERROR]:         Chunk Holder Priority - 3
[17:06:46] [Paper Watchdog Thread/ERROR]:         Chunk Neighbors: (Can't show, too deeply nested)
[17:06:46] [Paper Watchdog Thread/ERROR]:         1379303,-261592 in world:
[17:06:46] [Paper Watchdog Thread/ERROR]:         Chunk Holder - non-null
[17:06:46] [Paper Watchdog Thread/ERROR]:         Chunk Status - minecraft:full
[17:06:46] [Paper Watchdog Thread/ERROR]:         Chunk Ticket Status - minecraft:full
[17:06:46] [Paper Watchdog Thread/ERROR]:         Chunk Holder Status - minecraft:features
[17:06:46] [Paper Watchdog Thread/ERROR]:         Chunk Holder Priority - 3
[17:06:46] [Paper Watchdog Thread/ERROR]:         Chunk Neighbors: (Can't show, too deeply nested)
[17:06:46] [Paper Watchdog Thread/ERROR]:         1379304,-261594 in world:
[17:06:46] [Paper Watchdog Thread/ERROR]:         Chunk Holder - non-null
[17:06:46] [Paper Watchdog Thread/ERROR]:         Chunk Status - minecraft:full
[17:06:46] [Paper Watchdog Thread/ERROR]:         Chunk Ticket Status - minecraft:full
[17:06:46] [Paper Watchdog Thread/ERROR]:         Chunk Holder Status - minecraft:heightmaps
[17:06:46] [Paper Watchdog Thread/ERROR]:         Chunk Holder Priority - 3
[17:06:46] [Paper Watchdog Thread/ERROR]:         Chunk Neighbors: (Can't show, too deeply nested)
[17:06:46] [Paper Watchdog Thread/ERROR]:         1379303,-261594 in world:
[17:06:46] [Paper Watchdog Thread/ERROR]:         Chunk Holder - non-null
[17:06:46] [Paper Watchdog Thread/ERROR]:         Chunk Status - minecraft:full
[17:06:46] [Paper Watchdog Thread/ERROR]:         Chunk Ticket Status - minecraft:full
[17:06:46] [Paper Watchdog Thread/ERROR]:         Chunk Holder Status - minecraft:features
[17:06:46] [Paper Watchdog Thread/ERROR]:         Chunk Holder Priority - 3
[17:06:46] [Paper Watchdog Thread/ERROR]:         Chunk Neighbors: (Can't show, too deeply nested)
[17:06:46] [Paper Watchdog Thread/ERROR]:         1379303,-261593 in world:
[17:06:46] [Paper Watchdog Thread/ERROR]:         Chunk Holder - non-null
[17:06:46] [Paper Watchdog Thread/ERROR]:         Chunk Status - minecraft:full
[17:06:46] [Paper Watchdog Thread/ERROR]:         Chunk Ticket Status - minecraft:full
[17:06:46] [Paper Watchdog Thread/ERROR]:         Chunk Holder Status - minecraft:features
[17:06:46] [Paper Watchdog Thread/ERROR]:         Chunk Holder Priority - 3
[17:06:46] [Paper Watchdog Thread/ERROR]:         Chunk Neighbors: (Can't show, too deeply nested)
[17:06:46] [Paper Watchdog Thread/ERROR]:         1379305,-261592 in world:
[17:06:46] [Paper Watchdog Thread/ERROR]:         Chunk Holder - non-null
[17:06:46] [Paper Watchdog Thread/ERROR]:         Chunk Status - minecraft:full
[17:06:46] [Paper Watchdog Thread/ERROR]:         Chunk Ticket Status - minecraft:full
[17:06:46] [Paper Watchdog Thread/ERROR]:         Chunk Holder Status - minecraft:heightmaps
[17:06:46] [Paper Watchdog Thread/ERROR]:         Chunk Holder Priority - 3
[17:06:46] [Paper Watchdog Thread/ERROR]:         Chunk Neighbors: (Can't show, too deeply nested)
[17:06:46] [Paper Watchdog Thread/ERROR]:       1379305,-261595 in world:
[17:06:46] [Paper Watchdog Thread/ERROR]:       Chunk Holder - non-null
[17:06:46] [Paper Watchdog Thread/ERROR]:       Chunk Status - minecraft:full
[17:06:46] [Paper Watchdog Thread/ERROR]:       Chunk Ticket Status - minecraft:full
[17:06:46] [Paper Watchdog Thread/ERROR]:       Chunk Holder Status - minecraft:features
[17:06:46] [Paper Watchdog Thread/ERROR]:       Chunk Holder Priority - 3
[17:06:46] [Paper Watchdog Thread/ERROR]:       Chunk Neighbors: 
[17:06:46] [Paper Watchdog Thread/ERROR]:         1379304,-261596 in world (CIRCULAR)
[17:06:46] [Paper Watchdog Thread/ERROR]:         1379305,-261596 in world (CIRCULAR)
[17:06:46] [Paper Watchdog Thread/ERROR]:         1379306,-261596 in world (CIRCULAR)
[17:06:46] [Paper Watchdog Thread/ERROR]:       1379305,-261593 in world (CIRCULAR)
[17:06:46] [Paper Watchdog Thread/ERROR]:       1379304,-261594 in world (CIRCULAR)
[17:06:46] [Paper Watchdog Thread/ERROR]:       1379306,-261594 in world:
[17:06:46] [Paper Watchdog Thread/ERROR]:       Chunk Holder - non-null
[17:06:46] [Paper Watchdog Thread/ERROR]:       Chunk Status - minecraft:full
[17:06:46] [Paper Watchdog Thread/ERROR]:       Chunk Ticket Status - minecraft:full
[17:06:46] [Paper Watchdog Thread/ERROR]:       Chunk Holder Status - minecraft:heightmaps
[17:06:46] [Paper Watchdog Thread/ERROR]:       Chunk Holder Priority - 3
[17:06:46] [Paper Watchdog Thread/ERROR]:       Chunk Neighbors: 
[17:06:46] [Paper Watchdog Thread/ERROR]:         1379305,-261594 in world (CIRCULAR)
[17:06:46] [Paper Watchdog Thread/ERROR]:         1379307,-261594 in world (CIRCULAR)
[17:06:46] [Paper Watchdog Thread/ERROR]:         1379306,-261595 in world (CIRCULAR)
[17:06:46] [Paper Watchdog Thread/ERROR]:         1379307,-261593 in world:
[17:06:46] [Paper Watchdog Thread/ERROR]:         Chunk Holder - non-null
[17:06:46] [Paper Watchdog Thread/ERROR]:         Chunk Status - minecraft:full
[17:06:46] [Paper Watchdog Thread/ERROR]:         Chunk Ticket Status - minecraft:full
[17:06:46] [Paper Watchdog Thread/ERROR]:         Chunk Holder Status - minecraft:features
[17:06:46] [Paper Watchdog Thread/ERROR]:         Chunk Holder Priority - 3
[17:06:46] [Paper Watchdog Thread/ERROR]:         Chunk Neighbors: (Can't show, too deeply nested)
[17:06:46] [Paper Watchdog Thread/ERROR]:         1379306,-261593 in world (CIRCULAR)
[17:06:46] [Paper Watchdog Thread/ERROR]:         1379305,-261595 in world (CIRCULAR)
[17:06:46] [Paper Watchdog Thread/ERROR]:         1379305,-261593 in world (CIRCULAR)
[17:06:46] [Paper Watchdog Thread/ERROR]:         1379307,-261595 in world:
[17:06:46] [Paper Watchdog Thread/ERROR]:         Chunk Holder - non-null
[17:06:46] [Paper Watchdog Thread/ERROR]:         Chunk Status - minecraft:full
[17:06:46] [Paper Watchdog Thread/ERROR]:         Chunk Ticket Status - minecraft:full
[17:06:46] [Paper Watchdog Thread/ERROR]:         Chunk Holder Status - minecraft:features
[17:06:46] [Paper Watchdog Thread/ERROR]:         Chunk Holder Priority - 3
[17:06:46] [Paper Watchdog Thread/ERROR]:         Chunk Neighbors: (Can't show, too deeply nested)
[17:06:46] [Paper Watchdog Thread/ERROR]:     1379307,-261594 in world (CIRCULAR)
[17:06:46] [Paper Watchdog Thread/ERROR]:     1379307,-261593 in world (CIRCULAR)
[17:06:46] [Paper Watchdog Thread/ERROR]:     1379306,-261592 in world:
[17:06:46] [Paper Watchdog Thread/ERROR]:     Chunk Holder - non-null
[17:06:46] [Paper Watchdog Thread/ERROR]:     Chunk Status - minecraft:full
[17:06:46] [Paper Watchdog Thread/ERROR]:     Chunk Ticket Status - minecraft:full
[17:06:46] [Paper Watchdog Thread/ERROR]:     Chunk Holder Status - minecraft:heightmaps
[17:06:46] [Paper Watchdog Thread/ERROR]:     Chunk Holder Priority - 3
[17:06:46] [Paper Watchdog Thread/ERROR]:     Chunk Neighbors: 
[17:06:46] [Paper Watchdog Thread/ERROR]:       1379307,-261591 in world:
[17:06:46] [Paper Watchdog Thread/ERROR]:       Chunk Holder - non-null
[17:06:46] [Paper Watchdog Thread/ERROR]:       Chunk Status - minecraft:full
[17:06:46] [Paper Watchdog Thread/ERROR]:       Chunk Ticket Status - minecraft:full
[17:06:46] [Paper Watchdog Thread/ERROR]:       Chunk Holder Status - minecraft:features
[17:06:46] [Paper Watchdog Thread/ERROR]:       Chunk Holder Priority - 3
[17:06:46] [Paper Watchdog Thread/ERROR]:       Chunk Neighbors: 
[17:06:46] [Paper Watchdog Thread/ERROR]:         1379308,-261590 in world:
[17:06:46] [Paper Watchdog Thread/ERROR]:         Chunk Holder - non-null
[17:06:46] [Paper Watchdog Thread/ERROR]:         Chunk Status - null chunk
[17:06:46] [Paper Watchdog Thread/ERROR]:         Chunk Ticket Status - minecraft:features
[17:06:46] [Paper Watchdog Thread/ERROR]:         Chunk Holder Status - null
[17:06:46] [Paper Watchdog Thread/ERROR]:         Chunk Holder Priority - 4
[17:06:46] [Paper Watchdog Thread/ERROR]:         1379308,-261591 in world:
[17:06:46] [Paper Watchdog Thread/ERROR]:         Chunk Holder - non-null
[17:06:46] [Paper Watchdog Thread/ERROR]:         Chunk Status - null chunk
[17:06:46] [Paper Watchdog Thread/ERROR]:         Chunk Ticket Status - minecraft:features
[17:06:46] [Paper Watchdog Thread/ERROR]:         Chunk Holder Status - null
[17:06:46] [Paper Watchdog Thread/ERROR]:         Chunk Holder Priority - 4
[17:06:46] [Paper Watchdog Thread/ERROR]:         1379307,-261590 in world:
[17:06:46] [Paper Watchdog Thread/ERROR]:         Chunk Holder - non-null
[17:06:46] [Paper Watchdog Thread/ERROR]:         Chunk Status - null chunk
[17:06:46] [Paper Watchdog Thread/ERROR]:         Chunk Ticket Status - minecraft:features
[17:06:46] [Paper Watchdog Thread/ERROR]:         Chunk Holder Status - null
[17:06:46] [Paper Watchdog Thread/ERROR]:         Chunk Holder Priority - 4
[17:06:46] [Paper Watchdog Thread/ERROR]:         1379308,-261592 in world:
[17:06:46] [Paper Watchdog Thread/ERROR]:         Chunk Holder - non-null
[17:06:46] [Paper Watchdog Thread/ERROR]:         Chunk Status - null chunk
[17:06:46] [Paper Watchdog Thread/ERROR]:         Chunk Ticket Status - minecraft:features
[17:06:46] [Paper Watchdog Thread/ERROR]:         Chunk Holder Status - null
[17:06:46] [Paper Watchdog Thread/ERROR]:         Chunk Holder Priority - 4
[17:06:46] [Paper Watchdog Thread/ERROR]:         1379306,-261590 in world:
[17:06:46] [Paper Watchdog Thread/ERROR]:         Chunk Holder - non-null
[17:06:46] [Paper Watchdog Thread/ERROR]:         Chunk Status - null chunk
[17:06:46] [Paper Watchdog Thread/ERROR]:         Chunk Ticket Status - minecraft:features
[17:06:46] [Paper Watchdog Thread/ERROR]:         Chunk Holder Status - null
[17:06:46] [Paper Watchdog Thread/ERROR]:         Chunk Holder Priority - 4
[17:06:46] [Paper Watchdog Thread/ERROR]:       1379306,-261591 in world:
[17:06:46] [Paper Watchdog Thread/ERROR]:       Chunk Holder - non-null
[17:06:46] [Paper Watchdog Thread/ERROR]:       Chunk Status - minecraft:full
[17:06:46] [Paper Watchdog Thread/ERROR]:       Chunk Ticket Status - minecraft:full
[17:06:46] [Paper Watchdog Thread/ERROR]:       Chunk Holder Status - minecraft:features
[17:06:46] [Paper Watchdog Thread/ERROR]:       Chunk Holder Priority - 3
[17:06:46] [Paper Watchdog Thread/ERROR]:       Chunk Neighbors: 
[17:06:46] [Paper Watchdog Thread/ERROR]:         1379305,-261590 in world (CIRCULAR)
[17:06:46] [Paper Watchdog Thread/ERROR]:         1379307,-261590 in world (CIRCULAR)
[17:06:46] [Paper Watchdog Thread/ERROR]:         1379306,-261590 in world (CIRCULAR)
[17:06:46] [Paper Watchdog Thread/ERROR]:       1379307,-261593 in world (CIRCULAR)
[17:06:46] [Paper Watchdog Thread/ERROR]:       1379306,-261593 in world (CIRCULAR)
[17:06:46] [Paper Watchdog Thread/ERROR]:       1379307,-261592 in world:
[17:06:46] [Paper Watchdog Thread/ERROR]:       Chunk Holder - non-null
[17:06:46] [Paper Watchdog Thread/ERROR]:       Chunk Status - minecraft:full
[17:06:46] [Paper Watchdog Thread/ERROR]:       Chunk Ticket Status - minecraft:full
[17:06:46] [Paper Watchdog Thread/ERROR]:       Chunk Holder Status - minecraft:features
[17:06:46] [Paper Watchdog Thread/ERROR]:       Chunk Holder Priority - 3
[17:06:46] [Paper Watchdog Thread/ERROR]:       Chunk Neighbors: 
[17:06:46] [Paper Watchdog Thread/ERROR]:         1379308,-261591 in world (CIRCULAR)
[17:06:46] [Paper Watchdog Thread/ERROR]:         1379308,-261592 in world (CIRCULAR)
[17:06:46] [Paper Watchdog Thread/ERROR]:         1379308,-261593 in world (CIRCULAR)
[17:06:46] [Paper Watchdog Thread/ERROR]:       1379305,-261593 in world (CIRCULAR)
[17:06:46] [Paper Watchdog Thread/ERROR]:       1379305,-261592 in world (CIRCULAR)
[17:06:46] [Paper Watchdog Thread/ERROR]:       1379305,-261591 in world:
[17:06:46] [Paper Watchdog Thread/ERROR]:       Chunk Holder - non-null
[17:06:46] [Paper Watchdog Thread/ERROR]:       Chunk Status - minecraft:full
[17:06:46] [Paper Watchdog Thread/ERROR]:       Chunk Ticket Status - minecraft:full
[17:06:46] [Paper Watchdog Thread/ERROR]:       Chunk Holder Status - minecraft:features
[17:06:46] [Paper Watchdog Thread/ERROR]:       Chunk Holder Priority - 3
[17:06:46] [Paper Watchdog Thread/ERROR]:       Chunk Neighbors: 
[17:06:46] [Paper Watchdog Thread/ERROR]:         1379304,-261590 in world (CIRCULAR)
[17:06:46] [Paper Watchdog Thread/ERROR]:         1379305,-261590 in world (CIRCULAR)
[17:06:46] [Paper Watchdog Thread/ERROR]:         1379306,-261590 in world (CIRCULAR)
[17:06:46] [Paper Watchdog Thread/ERROR]:     1379307,-261592 in world (CIRCULAR)
[17:06:46] [Paper Watchdog Thread/ERROR]:     1379305,-261593 in world (CIRCULAR)
[17:06:46] [Paper Watchdog Thread/ERROR]:     1379306,-261594 in world (CIRCULAR)
[17:06:46] [Paper Watchdog Thread/ERROR]:     1379305,-261592 in world (CIRCULAR)
[17:06:46] [Paper Watchdog Thread/ERROR]:   1379304,-261593 in world (CIRCULAR)
[17:06:46] [Paper Watchdog Thread/ERROR]:   1379305,-261594 in world (CIRCULAR)
[17:06:46] [Paper Watchdog Thread/ERROR]:   1379306,-261591 in world (CIRCULAR)
[17:06:46] [Paper Watchdog Thread/ERROR]:   1379307,-261593 in world (CIRCULAR)
[17:06:46] [Paper Watchdog Thread/ERROR]:   1379306,-261592 in world (CIRCULAR)
[17:06:46] [Paper Watchdog Thread/ERROR]:   1379307,-261592 in world (CIRCULAR)
[17:06:46] [Paper Watchdog Thread/ERROR]:   1379305,-261595 in world (CIRCULAR)
[17:06:46] [Paper Watchdog Thread/ERROR]:   1379303,-261592 in world (CIRCULAR)
[17:06:46] [Paper Watchdog Thread/ERROR]:   1379306,-261594 in world (CIRCULAR)
[17:06:46] [Paper Watchdog Thread/ERROR]:   1379303,-261594 in world (CIRCULAR)
[17:06:46] [Paper Watchdog Thread/ERROR]:   1379305,-261591 in world (CIRCULAR)
[17:06:46] [Paper Watchdog Thread/ERROR]:   1379307,-261591 in world (CIRCULAR)
[17:06:46] [Paper Watchdog Thread/ERROR]:   1379304,-261594 in world (CIRCULAR)
[17:06:46] [Paper Watchdog Thread/ERROR]:   1379304,-261595 in world (CIRCULAR)
[17:06:46] [Paper Watchdog Thread/ERROR]:   1379306,-261595 in world (CIRCULAR)
[17:06:46] [Paper Watchdog Thread/ERROR]:   1379304,-261592 in world (CIRCULAR)
[17:06:46] [Paper Watchdog Thread/ERROR]:   1379307,-261595 in world (CIRCULAR)
[17:06:46] [Paper Watchdog Thread/ERROR]:   1379303,-261593 in world (CIRCULAR)
[17:06:46] [Paper Watchdog Thread/ERROR]:   1379305,-261592 in world (CIRCULAR)
[17:06:46] [Paper Watchdog Thread/ERROR]:   1379303,-261595 in world:
[17:06:46] [Paper Watchdog Thread/ERROR]:   Chunk Holder - non-null
[17:06:46] [Paper Watchdog Thread/ERROR]:   Chunk Status - minecraft:full
[17:06:46] [Paper Watchdog Thread/ERROR]:   Chunk Ticket Status - minecraft:full
[17:06:46] [Paper Watchdog Thread/ERROR]:   Chunk Holder Status - minecraft:features
[17:06:46] [Paper Watchdog Thread/ERROR]:   Chunk Holder Priority - 3
[17:06:46] [Paper Watchdog Thread/ERROR]:   Chunk Neighbors: 
[17:06:46] [Paper Watchdog Thread/ERROR]:     1379303,-261596 in world (CIRCULAR)
[17:06:46] [Paper Watchdog Thread/ERROR]:     1379304,-261596 in world (CIRCULAR)
[17:06:46] [Paper Watchdog Thread/ERROR]:     1379302,-261596 in world:
[17:06:46] [Paper Watchdog Thread/ERROR]:     Chunk Holder - non-null
[17:06:46] [Paper Watchdog Thread/ERROR]:     Chunk Status - null chunk
[17:06:46] [Paper Watchdog Thread/ERROR]:     Chunk Ticket Status - minecraft:features
[17:06:46] [Paper Watchdog Thread/ERROR]:     Chunk Holder Status - null
[17:06:46] [Paper Watchdog Thread/ERROR]:     Chunk Holder Priority - 4
[17:06:46] [Paper Watchdog Thread/ERROR]:     1379302,-261595 in world:
[17:06:46] [Paper Watchdog Thread/ERROR]:     Chunk Holder - non-null
[17:06:46] [Paper Watchdog Thread/ERROR]:     Chunk Status - null chunk
[17:06:46] [Paper Watchdog Thread/ERROR]:     Chunk Ticket Status - minecraft:features
[17:06:46] [Paper Watchdog Thread/ERROR]:     Chunk Holder Status - null
[17:06:46] [Paper Watchdog Thread/ERROR]:     Chunk Holder Priority - 4
[17:06:46] [Paper Watchdog Thread/ERROR]:     1379302,-261594 in world:
[17:06:46] [Paper Watchdog Thread/ERROR]:     Chunk Holder - non-null
[17:06:46] [Paper Watchdog Thread/ERROR]:     Chunk Status - null chunk
[17:06:46] [Paper Watchdog Thread/ERROR]:     Chunk Ticket Status - minecraft:features
[17:06:46] [Paper Watchdog Thread/ERROR]:     Chunk Holder Status - null
[17:06:46] [Paper Watchdog Thread/ERROR]:     Chunk Holder Priority - 4
[17:06:46] [Paper Watchdog Thread/ERROR]: ------------------------------
[17:06:46] [Paper Watchdog Thread/ERROR]: Current Thread: Server thread
[17:06:46] [Paper Watchdog Thread/ERROR]: 	PID: 24 | Suspended: false | Native: false | State: TIMED_WAITING
[17:06:46] [Paper Watchdog Thread/ERROR]: 	Stack:
[17:06:46] [Paper Watchdog Thread/ERROR]: 		sun.misc.Unsafe.park(Native Method)
[17:06:46] [Paper Watchdog Thread/ERROR]: 		java.util.concurrent.locks.LockSupport.parkNanos(Unknown Source)
[17:06:46] [Paper Watchdog Thread/ERROR]: 		net.minecraft.server.v1_16_R3.IAsyncTaskHandler.bm(IAsyncTaskHandler.java:131)
[17:06:46] [Paper Watchdog Thread/ERROR]: 		net.minecraft.server.v1_16_R3.IAsyncTaskHandler.awaitTasks(IAsyncTaskHandler.java:120)
[17:06:46] [Paper Watchdog Thread/ERROR]: 		net.minecraft.server.v1_16_R3.ChunkProviderServer.getChunkAt(ChunkProviderServer.java:512)
[17:06:46] [Paper Watchdog Thread/ERROR]: 		net.minecraft.server.v1_16_R3.World.getChunkAt(World.java:347)
[17:06:46] [Paper Watchdog Thread/ERROR]: 		net.minecraft.server.v1_16_R3.WorldServer.addEntity0(WorldServer.java:1191)
[17:06:46] [Paper Watchdog Thread/ERROR]: 		net.minecraft.server.v1_16_R3.WorldServer.addEntity(WorldServer.java:1088)
[17:06:46] [Paper Watchdog Thread/ERROR]: 		net.minecraft.server.v1_16_R3.WorldAccess.lambda$addAllEntities$0(WorldAccess.java:13)
[17:06:46] [Paper Watchdog Thread/ERROR]: 		net.minecraft.server.v1_16_R3.WorldAccess$$Lambda$5121/1624160632.accept(Unknown Source)
[17:06:46] [Paper Watchdog Thread/ERROR]: 		java.util.stream.Streams$StreamBuilderImpl.forEachRemaining(Unknown Source)
[17:06:46] [Paper Watchdog Thread/ERROR]: 		java.util.stream.Streams$ConcatSpliterator.forEachRemaining(Unknown Source)
[17:06:46] [Paper Watchdog Thread/ERROR]: 		java.util.stream.ReferencePipeline$Head.forEach(Unknown Source)
[17:06:46] [Paper Watchdog Thread/ERROR]: 		net.minecraft.server.v1_16_R3.WorldAccess.addAllEntities(WorldAccess.java:13)
[17:06:46] [Paper Watchdog Thread/ERROR]: 		net.minecraft.server.v1_16_R3.WorldServer.addAllEntitiesSafely(WorldServer.java:1272)
[17:06:46] [Paper Watchdog Thread/ERROR]: 		net.minecraft.server.v1_16_R3.WorldServer.addAllEntitiesSafely(WorldServer.java:1264)
[17:06:46] [Paper Watchdog Thread/ERROR]: 		net.minecraft.server.v1_16_R3.CommandSummon.a(SourceFile:77)
[17:06:46] [Paper Watchdog Thread/ERROR]: 		net.minecraft.server.v1_16_R3.CommandSummon.a(SourceFile:48)
[17:06:46] [Paper Watchdog Thread/ERROR]: 		net.minecraft.server.v1_16_R3.CommandSummon$$Lambda$2719/93396334.run(Unknown Source)
[17:06:46] [Paper Watchdog Thread/ERROR]: 		com.mojang.brigadier.CommandDispatcher.execute(CommandDispatcher.java:262)
[17:06:46] [Paper Watchdog Thread/ERROR]: 		net.minecraft.server.v1_16_R3.CustomFunction$b.a(CustomFunction.java:152)
[17:06:46] [Paper Watchdog Thread/ERROR]: 		net.minecraft.server.v1_16_R3.CustomFunctionData$a.a(CustomFunctionData.java:163)
[17:06:46] [Paper Watchdog Thread/ERROR]: 		net.minecraft.server.v1_16_R3.CustomFunctionData.a(CustomFunctionData.java:91)
[17:06:46] [Paper Watchdog Thread/ERROR]: 		net.minecraft.server.v1_16_R3.CustomFunctionData.a(CustomFunctionData.java:54)
[17:06:46] [Paper Watchdog Thread/ERROR]: 		net.minecraft.server.v1_16_R3.CustomFunctionData.tick(CustomFunctionData.java:42)
[17:06:46] [Paper Watchdog Thread/ERROR]: 		net.minecraft.server.v1_16_R3.MinecraftServer.b(MinecraftServer.java:1302)
[17:06:46] [Paper Watchdog Thread/ERROR]: 		net.minecraft.server.v1_16_R3.DedicatedServer.b(DedicatedServer.java:377)
[17:06:46] [Paper Watchdog Thread/ERROR]: 		net.minecraft.server.v1_16_R3.MinecraftServer.a(MinecraftServer.java:1212)
[17:06:46] [Paper Watchdog Thread/ERROR]: 		net.minecraft.server.v1_16_R3.MinecraftServer.w(MinecraftServer.java:1000)
[17:06:46] [Paper Watchdog Thread/ERROR]: 		net.minecraft.server.v1_16_R3.MinecraftServer.lambda$a$0(MinecraftServer.java:177)
[17:06:46] [Paper Watchdog Thread/ERROR]: 		net.minecraft.server.v1_16_R3.MinecraftServer$$Lambda$3133/1438946226.run(Unknown Source)
[17:06:46] [Paper Watchdog Thread/ERROR]: 		java.lang.Thread.run(Unknown Source)
[17:06:46] [Paper Watchdog Thread/ERROR]: ------------------------------
[17:06:46] [Paper Watchdog Thread/ERROR]: --- DO NOT REPORT THIS TO PAPER - THIS IS NOT A BUG OR A CRASH ---
[17:06:46] [Paper Watchdog Thread/ERROR]: ------------------------------
[17:06:48] [Server thread/ERROR]: Overwrote an existing entity EntityArmorStand['Armor Stand'/3, uuid='291dfbec-2b7b-4c2b-9899-f665ea53af5d', l='ServerLevel[world]', x=22068880.50, y=1000.00, z=-4185487.50, cx=1379305, cz=-261593, tl=294466, v=true, d=false] with EntityArmorStand['Armor Stand'/1, uuid='291dfbec-2b7b-4c2b-9899-f665ea53af5d', l='ServerLevel[world]', x=22068880.50, y=1000.00, z=-4185487.50, cx=1379305, cz=-261593, tl=0, v=false, d=false]
[17:06:48] [Server thread/ERROR]: Overwrote an existing entity EntityArmorStand['Armor Stand'/5, uuid='a093751a-2c77-4658-9d5f-62ab4494bdaf', l='ServerLevel[world]', x=16562064.50, y=1000.00, z=-22242911.50, cx=1035129, cz=-1390182, tl=294380, v=true, d=false] with EntityArmorStand['Armor Stand'/4, uuid='a093751a-2c77-4658-9d5f-62ab4494bdaf', l='ServerLevel[world]', x=16562064.50, y=1000.00, z=-22242911.50, cx=1035129, cz=-1390182, tl=0, v=false, d=false]
[17:06:48] [Server thread/WARN]: Can't keep up! Is the server overloaded? Running 13618ms or 272 ticks behind
[17:07:20] [Server thread/INFO]: TPS from last 1m, 5m, 15m: 16.52, 19.19, 19.72
[17:15:01] [Server thread/INFO]: Server tick times (avg/min/max) from last 5s, 10s, 1m:
[17:15:01] [Server thread/INFO]: ? 2.7/2.0/4.1, 2.7/2.0/4.4, 3.2/2.0/10.3
[17:15:06] [Server thread/INFO]: Unknown command. Type "/help" for help.
[17:15:07] [Server thread/INFO]: TPS from last 1m, 5m, 15m: 20.0, 20.0, 19.72
[17:28:33] [User Authenticator #1/INFO]: UUID of player kupec is 0c813ce4-f563-4317-a7fc-3249d8ca02f4
[17:28:34] [Server thread/INFO]: [Admin] kupec joined the game
[17:28:34] [Server thread/INFO]: kupec[/26.102.57.185:49259] logged in with entity id 123 at ([survival]202.392190028857, 63.0, 43.859413654535196)
[17:36:48] [Server thread/INFO]: Unknown command. Type "/help" for help.
[17:42:46] [Server thread/INFO]: kupec lost connection: Disconnected
[17:42:46] [Server thread/INFO]: kupec left the game
[17:53:02] [Server thread/INFO]: Stopping the server
[17:53:02] [Server thread/INFO]: Stopping server
[17:53:02] [Server thread/INFO]: [Multiverse-NetherPortals] Disabling Multiverse-NetherPortals v4.2.1-b786
[17:53:02] [Server thread/INFO]: [Multiverse-NetherPortals] - Disabled
[17:53:02] [Server thread/INFO]: [Multiverse-Portals] Disabling Multiverse-Portals v4.2.1-b834
[17:53:02] [Server thread/INFO]: [Multiverse-SignPortals] Disabling Multiverse-SignPortals v4.2.0-b762
[17:53:02] [Server thread/INFO]: [Multiverse-SignPortals] - Disabled
[17:53:02] [Server thread/INFO]: [Multiverse-Inventories] Disabling Multiverse-Inventories v4.2.1-b490
[17:53:02] [Server thread/INFO]: [ViaRewind] Disabling ViaRewind v1.5.2
[17:53:02] [Server thread/INFO]: [CoreProtect] Disabling CoreProtect v19.3
[17:53:02] [Server thread/INFO]: [CoreProtect] Finishing up data logging. Please wait...
[17:53:03] [Server thread/INFO]: [CoreProtect] Success! Disabled CoreProtect v19.3
[17:53:03] [Server thread/INFO]: [Multiverse-Core] Disabling Multiverse-Core v4.2.2-b812
[17:53:03] [Server thread/INFO]: [ViaBackwards] Disabling ViaBackwards v3.2.0
[17:53:03] [Server thread/INFO]: [TabTPS] Disabling TabTPS v1.2.1
[17:53:03] [Server thread/INFO]: [ViaVersion] Disabling ViaVersion v3.2.0
[17:53:03] [Server thread/INFO]: [ViaVersion] ViaVersion is disabling, if this is a reload and you experience issues consider rebooting.
[17:53:03] [Server thread/INFO]: [LagMeter] Disabling LagMeter v1.17.0
[17:53:03] [Server thread/INFO]: [LagMeter] Disabled!
[17:53:03] [Server thread/INFO]: [FastChunkPregenerator] Disabling FastChunkPregenerator v2.0.3-SNAPSHOT
[17:53:03] [Server thread/INFO]: [TWings] Disabling TWings v1.5.0
[17:53:03] [Server thread/INFO]: [WorldEdit] Disabling WorldEdit v7.2.0+a51fa43
[17:53:03] [Server thread/INFO]: Unregistering com.sk89q.worldedit.bukkit.BukkitServerInterface from WorldEdit
[17:53:03] [Server thread/INFO]: Saving players
[17:53:03] [Server thread/INFO]: Saving worlds
[17:53:03] [Server thread/INFO]: Saving chunks for level 'ServerLevel[world]'/minecraft:overworld
[17:53:03] [Server thread/INFO]: ThreadedAnvilChunkStorage (world): All chunks are saved
[17:53:03] [Server thread/INFO]: Saving chunks for level 'ServerLevel[world_nether]'/minecraft:the_nether
[17:53:04] [Server thread/INFO]: ThreadedAnvilChunkStorage (DIM-1): All chunks are saved
[17:53:04] [Server thread/INFO]: Saving chunks for level 'ServerLevel[world_the_end]'/minecraft:the_end
[17:53:04] [Server thread/INFO]: ThreadedAnvilChunkStorage (DIM1): All chunks are saved
[17:53:04] [Server thread/INFO]: Saving chunks for level 'ServerLevel[survival]'/minecraft:survival
[17:53:04] [Server thread/INFO]: ThreadedAnvilChunkStorage (survival): All chunks are saved
[17:53:04] [Server thread/INFO]: ThreadedAnvilChunkStorage (world): All chunks are saved
[17:53:04] [Server thread/INFO]: ThreadedAnvilChunkStorage (DIM-1): All chunks are saved
[17:53:04] [Server thread/INFO]: ThreadedAnvilChunkStorage (DIM1): All chunks are saved
[17:53:04] [Server thread/INFO]: ThreadedAnvilChunkStorage (survival): All chunks are saved
[17:53:04] [Server thread/INFO]: Flushing Chunk IO
[17:53:04] [Server thread/INFO]: Closing Thread Pool
[17:53:04] [Server thread/INFO]: Closing Server
