20-11-16 21:22:19 [INFO] Logger started.
20-11-16 21:22:19 [INFO] Logging system initialized.
20-11-16 21:22:19 [INFO] Detected Minecraft version: 1.16.4
20-11-16 21:22:23 [WARNING] The Minecraft version seems to be more recent than the one Compat-CB-Reflect has been built with - this might work, but there could be incompatibilities.
20-11-16 21:22:23 [INFO] McAccess set to: 1.4.5-1.12.2|? / CB-Reflect
20-11-16 21:22:23 [INFO] Added block-info for Minecraft 1.5 blocks.
20-11-16 21:22:23 [INFO] Added block-info for Minecraft 1.6.1 blocks.
20-11-16 21:22:23 [INFO] Added block-info for Minecraft 1.7.2 blocks.
20-11-16 21:22:23 [INFO] Added block-info for Minecraft 1.8 blocks.
20-11-16 21:22:23 [INFO] Added block-info for Minecraft 1.9 blocks.
20-11-16 21:22:23 [INFO] Added block-info for Minecraft 1.10 blocks.
20-11-16 21:22:23 [INFO] Added block-info for Minecraft 1.11 blocks.
20-11-16 21:22:23 [INFO] Added block-info for Minecraft 1.12 blocks.
20-11-16 21:22:24 [INFO] Inventory checks: FastConsume is available, disabled InstantEat.
20-11-16 21:22:24 [INFO] Packet level access: ProtocolLib is not available.
20-11-16 21:22:24 [INFO] Force disable FastHeal on Minecraft 1.9 and later.
20-11-16 21:22:24 [INFO] Version 3.16.0-RC-sMD5NET-b1134 is enabled.
20-11-16 21:22:31 [INFO] Post-enable running...
20-11-16 21:22:31 [INFO] [GenericInstanceRegistry] Registered for itself: fr.neatmonster.nocheatplus.stats.Counters
20-11-16 21:22:31 [INFO] [GenericInstanceRegistry] Registered for itself: fr.neatmonster.nocheatplus.checks.workaround.WRPT
20-11-16 21:22:31 [INFO] [GenericInstanceRegistry] Registered for itself: fr.neatmonster.nocheatplus.checks.moving.location.tracking.LocationTrace$TraceEntryPool
20-11-16 21:22:31 [INFO] [GenericInstanceRegistry] Registered for itself: fr.neatmonster.nocheatplus.utilities.entity.PassengerUtil
20-11-16 21:22:31 [INFO] [GenericInstanceRegistry] Registered for itself: java.util.Random
20-11-16 21:22:31 [INFO] [GenericInstanceRegistry] Registered for fr.neatmonster.nocheatplus.compat.IBridgeCrossPlugin: fr.neatmonster.nocheatplus.compat.meta.BridgeCrossPlugin
20-11-16 21:22:31 [INFO] [GenericInstanceRegistry] Registered for fr.neatmonster.nocheatplus.compat.MCAccess: fr.neatmonster.nocheatplus.compat.cbreflect.MCAccessCBReflect
20-11-16 21:22:31 [INFO] [GenericInstanceRegistry] Registered for fr.neatmonster.nocheatplus.utilities.map.BlockCache: fr.neatmonster.nocheatplus.compat.cbreflect.BlockCacheCBReflect
20-11-16 21:22:31 [INFO] [GenericInstanceRegistry] Registered for fr.neatmonster.nocheatplus.components.modifier.IAttributeAccess: fr.neatmonster.nocheatplus.compat.bukkit.BukkitAttributeAccess
20-11-16 21:22:31 [INFO] [GenericInstanceRegistry] Registered for fr.neatmonster.nocheatplus.components.entity.IEntityAccessLastPositionAndLook: fr.neatmonster.nocheatplus.compat.cbreflect.reflect.ReflectEntityLastPositionAndLook
20-11-16 21:22:31 [INFO] [GenericInstanceRegistry] Registered for fr.neatmonster.nocheatplus.components.entity.IEntityAccessVehicle: fr.neatmonster.nocheatplus.compat.bukkit.EntityAccessVehicleMultiPassenger
20-11-16 21:22:31 [INFO] [GenericInstanceRegistry] Registered for itself: fr.neatmonster.nocheatplus.checks.moving.util.AuxMoving
20-11-16 21:22:31 [INFO] Added hook: AllViolations(NCP) [1.0].
20-11-16 21:22:31 [INFO] Post-enable finished.
20-11-16 21:22:31 [INFO] ---- Version information ----
#### Server ####
git-Paper-267 ~MC: 1.16.4~
  detected: 1.16.4
#### NoCheatPlus ####
Plugin: 3.16.0-RC-sMD5NET-b1134
MCAccess: 1.4.5-1.12.2|? / CB-Reflect
Features:
  blocks: BlocksMC1_4 | BlocksMC1_5 | BlocksMC1_6_1 | BlocksMC1_7_2 | BlocksMC1_8 | BlocksMC1_9 | BlocksMC1_10 | BlocksMC1_11 | BlocksMC1_12
  checks: FastConsume | Gutenberg | HotFixFallingBlockPortalEnter
  defaults: pvpKnockBackVelocity
Hooks: AllViolations~NCP~ 1.0
20-11-16 21:24:37 [INFO] Removed hook: AllViolations(NCP) [1.0].
20-11-16 21:24:37 [FINE] | cancel.dead 0 | cancel.offline 0 | block.interact.look.current 0 | block.interact.look.flying.first 0 | block.interact.look.flying.other 0 | illegalitem 0 | boatsanywhere 0 | throwenderpearl 0 | fakeinvulnerable 0 | eggonentity 0 | event.player.move 923 (923/0) |
20-11-16 21:24:37 [INFO] [GenericInstanceRegistry] Registry cleared.
20-11-17 13:00:48 [INFO] Logger started.
20-11-17 13:00:48 [INFO] Logging system initialized.
20-11-17 13:00:48 [INFO] Detected Minecraft version: 1.16.4
20-11-17 13:00:51 [WARNING] The Minecraft version seems to be more recent than the one Compat-CB-Reflect has been built with - this might work, but there could be incompatibilities.
20-11-17 13:00:51 [INFO] McAccess set to: 1.4.5-1.12.2|? / CB-Reflect
20-11-17 13:00:51 [INFO] Added block-info for Minecraft 1.5 blocks.
20-11-17 13:00:51 [INFO] Added block-info for Minecraft 1.6.1 blocks.
20-11-17 13:00:51 [INFO] Added block-info for Minecraft 1.7.2 blocks.
20-11-17 13:00:51 [INFO] Added block-info for Minecraft 1.8 blocks.
20-11-17 13:00:51 [INFO] Added block-info for Minecraft 1.9 blocks.
20-11-17 13:00:51 [INFO] Added block-info for Minecraft 1.10 blocks.
20-11-17 13:00:51 [INFO] Added block-info for Minecraft 1.11 blocks.
20-11-17 13:00:51 [INFO] Added block-info for Minecraft 1.12 blocks.
20-11-17 13:00:51 [INFO] Inventory checks: FastConsume is available, disabled InstantEat.
20-11-17 13:00:51 [INFO] Packet level access: ProtocolLib is not available.
20-11-17 13:00:51 [INFO] Force disable FastHeal on Minecraft 1.9 and later.
20-11-17 13:00:51 [INFO] Version 3.16.0-RC-sMD5NET-b1134 is enabled.
20-11-17 13:00:54 [INFO] [GenericInstanceRegistry] Registered for itself: fr.neatmonster.nocheatplus.stats.Counters
20-11-17 13:00:54 [INFO] [GenericInstanceRegistry] Registered for itself: fr.neatmonster.nocheatplus.checks.workaround.WRPT
20-11-17 13:00:54 [INFO] [GenericInstanceRegistry] Registered for itself: fr.neatmonster.nocheatplus.checks.moving.location.tracking.LocationTrace$TraceEntryPool
20-11-17 13:00:54 [INFO] [GenericInstanceRegistry] Registered for itself: fr.neatmonster.nocheatplus.utilities.entity.PassengerUtil
20-11-17 13:00:54 [INFO] [GenericInstanceRegistry] Registered for itself: java.util.Random
20-11-17 13:00:54 [INFO] [GenericInstanceRegistry] Registered for fr.neatmonster.nocheatplus.compat.IBridgeCrossPlugin: fr.neatmonster.nocheatplus.compat.meta.BridgeCrossPlugin
20-11-17 13:00:54 [INFO] [GenericInstanceRegistry] Registered for fr.neatmonster.nocheatplus.compat.MCAccess: fr.neatmonster.nocheatplus.compat.cbreflect.MCAccessCBReflect
20-11-17 13:00:54 [INFO] [GenericInstanceRegistry] Registered for fr.neatmonster.nocheatplus.utilities.map.BlockCache: fr.neatmonster.nocheatplus.compat.cbreflect.BlockCacheCBReflect
20-11-17 13:00:54 [INFO] [GenericInstanceRegistry] Registered for fr.neatmonster.nocheatplus.components.modifier.IAttributeAccess: fr.neatmonster.nocheatplus.compat.bukkit.BukkitAttributeAccess
20-11-17 13:00:54 [INFO] [GenericInstanceRegistry] Registered for fr.neatmonster.nocheatplus.components.entity.IEntityAccessLastPositionAndLook: fr.neatmonster.nocheatplus.compat.cbreflect.reflect.ReflectEntityLastPositionAndLook
20-11-17 13:00:54 [INFO] [GenericInstanceRegistry] Registered for fr.neatmonster.nocheatplus.components.entity.IEntityAccessVehicle: fr.neatmonster.nocheatplus.compat.bukkit.EntityAccessVehicleMultiPassenger
20-11-17 13:00:54 [INFO] [GenericInstanceRegistry] Registered for itself: fr.neatmonster.nocheatplus.checks.moving.util.AuxMoving
20-11-17 13:00:54 [INFO] Added hook: AllViolations(NCP) [1.0].
20-11-17 13:00:54 [INFO] Post-enable running...
20-11-17 13:00:54 [INFO] Post-enable finished.
20-11-17 13:00:54 [INFO] ---- Version information ----
#### Server ####
git-Paper-282 ~MC: 1.16.4~
  detected: 1.16.4
#### NoCheatPlus ####
Plugin: 3.16.0-RC-sMD5NET-b1134
MCAccess: 1.4.5-1.12.2|? / CB-Reflect
Features:
  blocks: BlocksMC1_4 | BlocksMC1_5 | BlocksMC1_6_1 | BlocksMC1_7_2 | BlocksMC1_8 | BlocksMC1_9 | BlocksMC1_10 | BlocksMC1_11 | BlocksMC1_12
  checks: FastConsume | Gutenberg | HotFixFallingBlockPortalEnter
  defaults: pvpKnockBackVelocity
Hooks: AllViolations~NCP~ 1.0
20-11-17 13:25:41 [INFO] Removed hook: AllViolations(NCP) [1.0].
20-11-17 13:25:41 [FINE] | cancel.dead 0 | cancel.offline 0 | block.interact.look.current 194 (194/0) | block.interact.look.flying.first 0 | block.interact.look.flying.other 0 | illegalitem 0 | boatsanywhere 0 | throwenderpearl 0 | fakeinvulnerable 0 | eggonentity 0 | event.player.move 9824 (9824/0) |
20-11-17 13:25:41 [INFO] [GenericInstanceRegistry] Registry cleared.
20-11-17 13:26:25 [INFO] Logger started.
20-11-17 13:26:25 [INFO] Logging system initialized.
20-11-17 13:26:25 [INFO] Detected Minecraft version: 1.16.4
20-11-17 13:26:29 [WARNING] The Minecraft version seems to be more recent than the one Compat-CB-Reflect has been built with - this might work, but there could be incompatibilities.
20-11-17 13:26:29 [INFO] McAccess set to: 1.4.5-1.12.2|? / CB-Reflect
20-11-17 13:26:29 [INFO] Added block-info for Minecraft 1.5 blocks.
20-11-17 13:26:29 [INFO] Added block-info for Minecraft 1.6.1 blocks.
20-11-17 13:26:29 [INFO] Added block-info for Minecraft 1.7.2 blocks.
20-11-17 13:26:29 [INFO] Added block-info for Minecraft 1.8 blocks.
20-11-17 13:26:29 [INFO] Added block-info for Minecraft 1.9 blocks.
20-11-17 13:26:29 [INFO] Added block-info for Minecraft 1.10 blocks.
20-11-17 13:26:29 [INFO] Added block-info for Minecraft 1.11 blocks.
20-11-17 13:26:29 [INFO] Added block-info for Minecraft 1.12 blocks.
20-11-17 13:26:29 [INFO] Inventory checks: FastConsume is available, disabled InstantEat.
20-11-17 13:26:29 [INFO] Packet level access: ProtocolLib is not available.
20-11-17 13:26:29 [INFO] Force disable FastHeal on Minecraft 1.9 and later.
20-11-17 13:26:29 [INFO] Version 3.16.0-RC-sMD5NET-b1134 is enabled.
20-11-17 13:26:32 [INFO] [GenericInstanceRegistry] Registered for itself: fr.neatmonster.nocheatplus.stats.Counters
20-11-17 13:26:32 [INFO] [GenericInstanceRegistry] Registered for itself: fr.neatmonster.nocheatplus.checks.workaround.WRPT
20-11-17 13:26:32 [INFO] [GenericInstanceRegistry] Registered for itself: fr.neatmonster.nocheatplus.checks.moving.location.tracking.LocationTrace$TraceEntryPool
20-11-17 13:26:32 [INFO] [GenericInstanceRegistry] Registered for itself: fr.neatmonster.nocheatplus.utilities.entity.PassengerUtil
20-11-17 13:26:32 [INFO] [GenericInstanceRegistry] Registered for itself: java.util.Random
20-11-17 13:26:32 [INFO] [GenericInstanceRegistry] Registered for fr.neatmonster.nocheatplus.compat.IBridgeCrossPlugin: fr.neatmonster.nocheatplus.compat.meta.BridgeCrossPlugin
20-11-17 13:26:32 [INFO] [GenericInstanceRegistry] Registered for fr.neatmonster.nocheatplus.compat.MCAccess: fr.neatmonster.nocheatplus.compat.cbreflect.MCAccessCBReflect
20-11-17 13:26:32 [INFO] [GenericInstanceRegistry] Registered for fr.neatmonster.nocheatplus.utilities.map.BlockCache: fr.neatmonster.nocheatplus.compat.cbreflect.BlockCacheCBReflect
20-11-17 13:26:32 [INFO] [GenericInstanceRegistry] Registered for fr.neatmonster.nocheatplus.components.modifier.IAttributeAccess: fr.neatmonster.nocheatplus.compat.bukkit.BukkitAttributeAccess
20-11-17 13:26:32 [INFO] [GenericInstanceRegistry] Registered for fr.neatmonster.nocheatplus.components.entity.IEntityAccessLastPositionAndLook: fr.neatmonster.nocheatplus.compat.cbreflect.reflect.ReflectEntityLastPositionAndLook
20-11-17 13:26:32 [INFO] [GenericInstanceRegistry] Registered for fr.neatmonster.nocheatplus.components.entity.IEntityAccessVehicle: fr.neatmonster.nocheatplus.compat.bukkit.EntityAccessVehicleMultiPassenger
20-11-17 13:26:32 [INFO] [GenericInstanceRegistry] Registered for itself: fr.neatmonster.nocheatplus.checks.moving.util.AuxMoving
20-11-17 13:26:32 [INFO] Added hook: AllViolations(NCP) [1.0].
20-11-17 13:26:32 [INFO] Post-enable running...
20-11-17 13:26:32 [INFO] Post-enable finished.
20-11-17 13:26:32 [INFO] ---- Version information ----
#### Server ####
git-Paper-282 ~MC: 1.16.4~
  detected: 1.16.4
#### NoCheatPlus ####
Plugin: 3.16.0-RC-sMD5NET-b1134
MCAccess: 1.4.5-1.12.2|? / CB-Reflect
Features:
  blocks: BlocksMC1_4 | BlocksMC1_5 | BlocksMC1_6_1 | BlocksMC1_7_2 | BlocksMC1_8 | BlocksMC1_9 | BlocksMC1_10 | BlocksMC1_11 | BlocksMC1_12
  checks: FastConsume | Gutenberg | HotFixFallingBlockPortalEnter
  defaults: pvpKnockBackVelocity
Hooks: AllViolations~NCP~ 1.0
20-11-17 13:42:11 [INFO] Removed hook: AllViolations(NCP) [1.0].
20-11-17 13:42:11 [FINE] | cancel.dead 0 | cancel.offline 0 | block.interact.look.current 0 | block.interact.look.flying.first 0 | block.interact.look.flying.other 0 | illegalitem 0 | boatsanywhere 0 | throwenderpearl 0 | fakeinvulnerable 0 | eggonentity 0 | event.player.move 0 |
20-11-17 13:42:11 [INFO] [GenericInstanceRegistry] Registry cleared.
20-11-17 13:46:46 [INFO] Logger started.
20-11-17 13:46:46 [INFO] Logging system initialized.
20-11-17 13:46:46 [INFO] Detected Minecraft version: 1.16.4
20-11-17 13:46:51 [WARNING] The Minecraft version seems to be more recent than the one Compat-CB-Reflect has been built with - this might work, but there could be incompatibilities.
20-11-17 13:46:51 [INFO] McAccess set to: 1.4.5-1.12.2|? / CB-Reflect
20-11-17 13:46:51 [INFO] Added block-info for Minecraft 1.5 blocks.
20-11-17 13:46:51 [INFO] Added block-info for Minecraft 1.6.1 blocks.
20-11-17 13:46:51 [INFO] Added block-info for Minecraft 1.7.2 blocks.
20-11-17 13:46:51 [INFO] Added block-info for Minecraft 1.8 blocks.
20-11-17 13:46:51 [INFO] Added block-info for Minecraft 1.9 blocks.
20-11-17 13:46:51 [INFO] Added block-info for Minecraft 1.10 blocks.
20-11-17 13:46:51 [INFO] Added block-info for Minecraft 1.11 blocks.
20-11-17 13:46:51 [INFO] Added block-info for Minecraft 1.12 blocks.
20-11-17 13:46:51 [INFO] Inventory checks: FastConsume is available, disabled InstantEat.
20-11-17 13:46:51 [INFO] Packet level access: ProtocolLib is not available.
20-11-17 13:46:51 [INFO] Force disable FastHeal on Minecraft 1.9 and later.
20-11-17 13:46:51 [INFO] Version 3.16.0-RC-sMD5NET-b1134 is enabled.
20-11-17 13:46:58 [INFO] Post-enable running...
20-11-17 13:46:58 [INFO] [GenericInstanceRegistry] Registered for itself: fr.neatmonster.nocheatplus.stats.Counters
20-11-17 13:46:58 [INFO] [GenericInstanceRegistry] Registered for itself: fr.neatmonster.nocheatplus.checks.workaround.WRPT
20-11-17 13:46:58 [INFO] [GenericInstanceRegistry] Registered for itself: fr.neatmonster.nocheatplus.checks.moving.location.tracking.LocationTrace$TraceEntryPool
20-11-17 13:46:58 [INFO] [GenericInstanceRegistry] Registered for itself: fr.neatmonster.nocheatplus.utilities.entity.PassengerUtil
20-11-17 13:46:58 [INFO] [GenericInstanceRegistry] Registered for itself: java.util.Random
20-11-17 13:46:58 [INFO] [GenericInstanceRegistry] Registered for fr.neatmonster.nocheatplus.compat.IBridgeCrossPlugin: fr.neatmonster.nocheatplus.compat.meta.BridgeCrossPlugin
20-11-17 13:46:58 [INFO] [GenericInstanceRegistry] Registered for fr.neatmonster.nocheatplus.compat.MCAccess: fr.neatmonster.nocheatplus.compat.cbreflect.MCAccessCBReflect
20-11-17 13:46:58 [INFO] [GenericInstanceRegistry] Registered for fr.neatmonster.nocheatplus.utilities.map.BlockCache: fr.neatmonster.nocheatplus.compat.cbreflect.BlockCacheCBReflect
20-11-17 13:46:58 [INFO] [GenericInstanceRegistry] Registered for fr.neatmonster.nocheatplus.components.modifier.IAttributeAccess: fr.neatmonster.nocheatplus.compat.bukkit.BukkitAttributeAccess
20-11-17 13:46:58 [INFO] [GenericInstanceRegistry] Registered for fr.neatmonster.nocheatplus.components.entity.IEntityAccessLastPositionAndLook: fr.neatmonster.nocheatplus.compat.cbreflect.reflect.ReflectEntityLastPositionAndLook
20-11-17 13:46:58 [INFO] [GenericInstanceRegistry] Registered for fr.neatmonster.nocheatplus.components.entity.IEntityAccessVehicle: fr.neatmonster.nocheatplus.compat.bukkit.EntityAccessVehicleMultiPassenger
20-11-17 13:46:58 [INFO] [GenericInstanceRegistry] Registered for itself: fr.neatmonster.nocheatplus.checks.moving.util.AuxMoving
20-11-17 13:46:58 [INFO] Added hook: AllViolations(NCP) [1.0].
20-11-17 13:46:58 [INFO] Post-enable finished.
20-11-17 13:46:58 [INFO] ---- Version information ----
#### Server ####
git-Paper-282 ~MC: 1.16.4~
  detected: 1.16.4
#### NoCheatPlus ####
Plugin: 3.16.0-RC-sMD5NET-b1134
MCAccess: 1.4.5-1.12.2|? / CB-Reflect
Features:
  blocks: BlocksMC1_4 | BlocksMC1_5 | BlocksMC1_6_1 | BlocksMC1_7_2 | BlocksMC1_8 | BlocksMC1_9 | BlocksMC1_10 | BlocksMC1_11 | BlocksMC1_12
  checks: FastConsume | Gutenberg | HotFixFallingBlockPortalEnter
  defaults: pvpKnockBackVelocity
Hooks: AllViolations~NCP~ 1.0
20-11-17 13:47:19 [INFO] Removed hook: AllViolations(NCP) [1.0].
20-11-17 13:47:19 [FINE] | cancel.dead 0 | cancel.offline 0 | block.interact.look.current 0 | block.interact.look.flying.first 0 | block.interact.look.flying.other 0 | illegalitem 0 | boatsanywhere 0 | throwenderpearl 0 | fakeinvulnerable 0 | eggonentity 0 | event.player.move 0 |
20-11-17 13:47:19 [INFO] [GenericInstanceRegistry] Registry cleared.
20-11-17 13:47:55 [INFO] Logger started.
20-11-17 13:47:55 [INFO] Logging system initialized.
20-11-17 13:47:55 [INFO] Detected Minecraft version: 1.16.4
20-11-17 13:48:01 [WARNING] The Minecraft version seems to be more recent than the one Compat-CB-Reflect has been built with - this might work, but there could be incompatibilities.
20-11-17 13:48:01 [INFO] McAccess set to: 1.4.5-1.12.2|? / CB-Reflect
20-11-17 13:48:01 [INFO] Added block-info for Minecraft 1.5 blocks.
20-11-17 13:48:01 [INFO] Added block-info for Minecraft 1.6.1 blocks.
20-11-17 13:48:01 [INFO] Added block-info for Minecraft 1.7.2 blocks.
20-11-17 13:48:01 [INFO] Added block-info for Minecraft 1.8 blocks.
20-11-17 13:48:01 [INFO] Added block-info for Minecraft 1.9 blocks.
20-11-17 13:48:01 [INFO] Added block-info for Minecraft 1.10 blocks.
20-11-17 13:48:01 [INFO] Added block-info for Minecraft 1.11 blocks.
20-11-17 13:48:01 [INFO] Added block-info for Minecraft 1.12 blocks.
20-11-17 13:48:01 [INFO] Update block-info: WATER_LILY block shape patch for multi client protocol support around 1.7.x - 1.11.x.
20-11-17 13:48:01 [INFO] Inventory checks: FastConsume is available, disabled InstantEat.
20-11-17 13:48:01 [INFO] Packet level access: ProtocolLib is not available.
20-11-17 13:48:01 [INFO] Force disable FastHeal on Minecraft 1.9 and later.
20-11-17 13:48:01 [INFO] Version 3.16.0-RC-sMD5NET-b1134 is enabled.
20-11-17 13:48:10 [INFO] Post-enable running...
20-11-17 13:48:10 [INFO] [GenericInstanceRegistry] Registered for itself: fr.neatmonster.nocheatplus.stats.Counters
20-11-17 13:48:10 [INFO] [GenericInstanceRegistry] Registered for itself: fr.neatmonster.nocheatplus.checks.workaround.WRPT
20-11-17 13:48:10 [INFO] [GenericInstanceRegistry] Registered for itself: fr.neatmonster.nocheatplus.checks.moving.location.tracking.LocationTrace$TraceEntryPool
20-11-17 13:48:10 [INFO] [GenericInstanceRegistry] Registered for itself: fr.neatmonster.nocheatplus.utilities.entity.PassengerUtil
20-11-17 13:48:10 [INFO] [GenericInstanceRegistry] Registered for itself: java.util.Random
20-11-17 13:48:10 [INFO] [GenericInstanceRegistry] Registered for fr.neatmonster.nocheatplus.compat.IBridgeCrossPlugin: fr.neatmonster.nocheatplus.compat.meta.BridgeCrossPlugin
20-11-17 13:48:10 [INFO] [GenericInstanceRegistry] Registered for fr.neatmonster.nocheatplus.compat.MCAccess: fr.neatmonster.nocheatplus.compat.cbreflect.MCAccessCBReflect
20-11-17 13:48:10 [INFO] [GenericInstanceRegistry] Registered for fr.neatmonster.nocheatplus.utilities.map.BlockCache: fr.neatmonster.nocheatplus.compat.cbreflect.BlockCacheCBReflect
20-11-17 13:48:10 [INFO] [GenericInstanceRegistry] Registered for fr.neatmonster.nocheatplus.components.modifier.IAttributeAccess: fr.neatmonster.nocheatplus.compat.bukkit.BukkitAttributeAccess
20-11-17 13:48:10 [INFO] [GenericInstanceRegistry] Registered for fr.neatmonster.nocheatplus.components.entity.IEntityAccessLastPositionAndLook: fr.neatmonster.nocheatplus.compat.cbreflect.reflect.ReflectEntityLastPositionAndLook
20-11-17 13:48:10 [INFO] [GenericInstanceRegistry] Registered for fr.neatmonster.nocheatplus.components.entity.IEntityAccessVehicle: fr.neatmonster.nocheatplus.compat.bukkit.EntityAccessVehicleMultiPassenger
20-11-17 13:48:10 [INFO] [GenericInstanceRegistry] Registered for itself: fr.neatmonster.nocheatplus.checks.moving.util.AuxMoving
20-11-17 13:48:10 [INFO] Added hook: AllViolations(NCP) [1.0].
20-11-17 13:48:10 [INFO] Post-enable finished.
20-11-17 13:48:10 [INFO] ---- Version information ----
#### Server ####
git-Paper-282 ~MC: 1.16.4~
  detected: 1.16.4
#### NoCheatPlus ####
Plugin: 3.16.0-RC-sMD5NET-b1134
MCAccess: 1.4.5-1.12.2|? / CB-Reflect
Features:
  blocks: BlocksMC1_4 | BlocksMC1_5 | BlocksMC1_6_1 | BlocksMC1_7_2 | BlocksMC1_8 | BlocksMC1_9 | BlocksMC1_10 | BlocksMC1_11 | BlocksMC1_12
  checks: FastConsume | Gutenberg | HotFixFallingBlockPortalEnter
  defaults: pvpKnockBackVelocity
Hooks: AllViolations~NCP~ 1.0
#### Related Plugins ####
ViaVersion v3.2.0
20-11-17 13:51:48 [INFO] Removed hook: AllViolations(NCP) [1.0].
20-11-17 13:51:48 [FINE] | cancel.dead 0 | cancel.offline 0 | block.interact.look.current 11 (11/0) | block.interact.look.flying.first 0 | block.interact.look.flying.other 0 | illegalitem 0 | boatsanywhere 0 | throwenderpearl 0 | fakeinvulnerable 0 | eggonentity 0 | event.player.move 515 (515/0) |
20-11-17 13:51:48 [INFO] [GenericInstanceRegistry] Registry cleared.
20-11-17 14:18:48 [INFO] Logger started.
20-11-17 14:18:48 [INFO] Logging system initialized.
20-11-17 14:18:48 [INFO] Detected Minecraft version: 1.16.4
20-11-17 14:18:53 [WARNING] The Minecraft version seems to be more recent than the one Compat-CB-Reflect has been built with - this might work, but there could be incompatibilities.
20-11-17 14:18:53 [INFO] McAccess set to: 1.4.5-1.12.2|? / CB-Reflect
20-11-17 14:18:53 [INFO] Added block-info for Minecraft 1.5 blocks.
20-11-17 14:18:53 [INFO] Added block-info for Minecraft 1.6.1 blocks.
20-11-17 14:18:53 [INFO] Added block-info for Minecraft 1.7.2 blocks.
20-11-17 14:18:53 [INFO] Added block-info for Minecraft 1.8 blocks.
20-11-17 14:18:53 [INFO] Added block-info for Minecraft 1.9 blocks.
20-11-17 14:18:53 [INFO] Added block-info for Minecraft 1.10 blocks.
20-11-17 14:18:53 [INFO] Added block-info for Minecraft 1.11 blocks.
20-11-17 14:18:53 [INFO] Added block-info for Minecraft 1.12 blocks.
20-11-17 14:18:53 [INFO] Update block-info: WATER_LILY block shape patch for multi client protocol support around 1.7.x - 1.11.x.
20-11-17 14:18:53 [INFO] Inventory checks: FastConsume is available, disabled InstantEat.
20-11-17 14:18:53 [INFO] Packet level access: ProtocolLib is not available.
20-11-17 14:18:53 [INFO] Force disable FastHeal on Minecraft 1.9 and later.
20-11-17 14:18:53 [INFO] Version 3.16.0-RC-sMD5NET-b1134 is enabled.
20-11-17 14:18:56 [INFO] [GenericInstanceRegistry] Registered for itself: fr.neatmonster.nocheatplus.stats.Counters
20-11-17 14:18:56 [INFO] [GenericInstanceRegistry] Registered for itself: fr.neatmonster.nocheatplus.checks.workaround.WRPT
20-11-17 14:18:56 [INFO] [GenericInstanceRegistry] Registered for itself: fr.neatmonster.nocheatplus.checks.moving.location.tracking.LocationTrace$TraceEntryPool
20-11-17 14:18:56 [INFO] [GenericInstanceRegistry] Registered for itself: fr.neatmonster.nocheatplus.utilities.entity.PassengerUtil
20-11-17 14:18:56 [INFO] [GenericInstanceRegistry] Registered for itself: java.util.Random
20-11-17 14:18:56 [INFO] [GenericInstanceRegistry] Registered for fr.neatmonster.nocheatplus.compat.IBridgeCrossPlugin: fr.neatmonster.nocheatplus.compat.meta.BridgeCrossPlugin
20-11-17 14:18:56 [INFO] Post-enable running...
20-11-17 14:18:56 [INFO] [GenericInstanceRegistry] Registered for fr.neatmonster.nocheatplus.compat.MCAccess: fr.neatmonster.nocheatplus.compat.cbreflect.MCAccessCBReflect
20-11-17 14:18:56 [INFO] [GenericInstanceRegistry] Registered for fr.neatmonster.nocheatplus.utilities.map.BlockCache: fr.neatmonster.nocheatplus.compat.cbreflect.BlockCacheCBReflect
20-11-17 14:18:56 [INFO] [GenericInstanceRegistry] Registered for fr.neatmonster.nocheatplus.components.modifier.IAttributeAccess: fr.neatmonster.nocheatplus.compat.bukkit.BukkitAttributeAccess
20-11-17 14:18:56 [INFO] [GenericInstanceRegistry] Registered for fr.neatmonster.nocheatplus.components.entity.IEntityAccessLastPositionAndLook: fr.neatmonster.nocheatplus.compat.cbreflect.reflect.ReflectEntityLastPositionAndLook
20-11-17 14:18:56 [INFO] [GenericInstanceRegistry] Registered for fr.neatmonster.nocheatplus.components.entity.IEntityAccessVehicle: fr.neatmonster.nocheatplus.compat.bukkit.EntityAccessVehicleMultiPassenger
20-11-17 14:18:56 [INFO] [GenericInstanceRegistry] Registered for itself: fr.neatmonster.nocheatplus.checks.moving.util.AuxMoving
20-11-17 14:18:56 [INFO] Added hook: AllViolations(NCP) [1.0].
20-11-17 14:18:56 [INFO] Post-enable finished.
20-11-17 14:18:56 [INFO] ---- Version information ----
#### Server ####
git-Paper-282 ~MC: 1.16.4~
  detected: 1.16.4
#### NoCheatPlus ####
Plugin: 3.16.0-RC-sMD5NET-b1134
MCAccess: 1.4.5-1.12.2|? / CB-Reflect
Features:
  blocks: BlocksMC1_4 | BlocksMC1_5 | BlocksMC1_6_1 | BlocksMC1_7_2 | BlocksMC1_8 | BlocksMC1_9 | BlocksMC1_10 | BlocksMC1_11 | BlocksMC1_12
  checks: FastConsume | Gutenberg | HotFixFallingBlockPortalEnter
  defaults: pvpKnockBackVelocity
Hooks: AllViolations~NCP~ 1.0
#### Related Plugins ####
ViaVersion v3.2.0
20-11-17 14:19:57 [INFO] kupec failed CreativeFly: tried to move: 111.81, 65.00, 100.65 -> 112.43, 65.20, 100.65, d=0.65 (hfrict+hdist). VL 47.
20-11-17 14:20:03 [INFO] kupec failed CreativeFly: tried to move: 109.89, 65.00, 101.30 -> 109.01, 65.20, 101.30, d=0.90 (hfrict+hdist). VL 39.
20-11-17 14:20:06 [INFO] kupec failed CreativeFly: tried to move: 118.70, 64.00, 104.39 -> 119.56, 64.20, 104.41, d=0.88 (hfrict+hdist). VL 104.
20-11-17 14:20:40 [INFO] kupec failed CreativeFly: tried to move: 122.37, 64.00, 106.44 -> 121.07, 64.40, 106.31, d=1.37 (hfrict+hdist). VL 71.
20-11-17 14:20:40 [INFO] kupec failed CreativeFly: tried to move: 121.80, 64.00, 106.38 -> 120.50, 64.40, 106.25, d=1.37 (hdist). VL 138.
20-11-17 14:20:41 [INFO] kupec failed CreativeFly: tried to move: 117.73, 64.00, 105.97 -> 116.44, 64.40, 105.84, d=1.37 (hfrict+hdist). VL 402.
20-11-17 14:20:45 [INFO] kupec failed CreativeFly: tried to move: 102.83, 64.00, 104.98 -> 101.78, 64.40, 104.85, d=1.14 (hfrict+hdist). VL 195.
20-11-17 14:20:49 [INFO] kupec failed CreativeFly: tried to move: 120.05, 64.00, 120.27 -> 120.74, 64.40, 121.07, d=1.13 (hfrict+hdist). VL 70.
20-11-17 14:20:56 [INFO] kupec failed CreativeFly: tried to move: 166.58, 64.00, 111.09 -> 165.98, 64.40, 110.22, d=1.14 (hfrict+hdist). VL 55.
20-11-17 14:31:32 [INFO] kupec failed SurvivalFly: tried to move: 160.50, 65.02, 103.88 -> 160.51, 65.00, 103.96, d=0.09 (vdistrel). VL 77.
20-11-17 14:32:17 [INFO] kupec failed SurvivalFly: tried to move: 185.30, 64.00, 128.88 -> 184.47, 64.40, 128.11, d=1.20 (ediblebunny+bunnyhop+hacc). VL 67.
20-11-17 14:32:29 [INFO] kupec failed SurvivalFly: tried to move: 164.86, 64.00, 113.50 -> 164.86, 64.78, 113.50, d=0.78 (vdistrel). VL 116.
20-11-17 14:32:30 [INFO] kupec failed SurvivalFly: tried to move: 164.86, 64.00, 113.50 -> 163.30, 65.55, 113.53, d=2.20 (permchecks+hspeed+hacc+vdistrel+vdistsb). VL 547.
20-11-17 14:32:31 [INFO] kupec failed SurvivalFly: tried to move: 164.86, 64.00, 113.50 -> 163.31, 64.00, 113.67, d=1.56 (permchecks+hspeed). VL 1509.
20-11-17 14:32:31 [INFO] (CONSOLE) Kicked kupec : Kicked for flying (or related)
20-11-17 14:32:41 [INFO] kupec failed SurvivalFly: tried to move: 164.86, 64.00, 113.50 -> 164.09, 64.00, 113.59, d=0.78 (permchecks+hspeed). VL 1559.
20-11-17 14:32:41 [INFO] (CONSOLE) Kicked kupec : Kicked for flying (or related)
20-11-17 14:33:41 [INFO] kupec failed SurvivalFly: tried to move: 161.86, 64.42, 116.95 -> 161.71, 64.75, 117.19, d=0.44 (bunnyslope+hacc). VL 639.
20-11-17 14:33:53 [INFO] kupec failed CreativeFly: tried to move: 140.90, 64.80, 109.42 -> 142.54, 66.58, 109.51, d=2.42 (vdist). VL 267.
20-11-17 14:33:53 [INFO] kupec failed CreativeFly: tried to move: 140.90, 64.80, 109.42 -> 142.54, 66.58, 109.51, d=2.42 (vdist). VL 534.
20-11-17 14:34:01 [INFO] kupec failed CreativeFly: tried to move: 134.26, 66.02, 117.37 -> 134.26, 67.33, 116.64, d=1.50 (hfrict+vdist). VL 2678.
20-11-17 14:34:07 [INFO] kupec failed SurvivalFly: tried to move: 128.49, 65.12, 117.87 -> 128.50, 65.72, 117.13, d=0.95 (dirty+permchecks+hvel+hbufuse+vdistrel+ychincfly+vaccdirty). VL 103.
20-11-17 14:34:07 [INFO] kupec failed CreativeFly: tried to move: 128.50, 66.18, 116.24 -> 128.53, 67.05, 115.42, d=1.20 (hfrict+vdist). VL 5660.
20-11-17 14:34:12 [INFO] kupec failed CreativeFly: tried to move: 150.74, 65.66, 98.49 -> 149.98, 65.75, 98.20, d=0.82 (vdist). VL 1618.
20-11-17 14:34:33 [INFO] kupec failed CreativeFly: tried to move: 139.70, 65.02, 110.41 -> 139.46, 65.08, 110.34, d=0.26 (hfrict+vdist). VL 241.
20-11-17 14:34:41 [INFO] kupec failed CreativeFly: tried to move: 132.60, 64.80, 109.70 -> 131.83, 65.99, 109.85, d=1.43 (hfrict+vdist). VL 314.
20-11-17 14:34:41 [INFO] kupec failed CreativeFly: tried to move: 132.60, 64.80, 109.70 -> 131.07, 66.23, 110.00, d=2.12 (vdist). VL 458.
20-11-17 14:34:46 [INFO] kupec failed CreativeFly: tried to move: 128.63, 65.18, 109.71 -> 128.63, 66.12, 109.71, d=0.94 (hfrict+vdist). VL 1695.
20-11-17 14:34:51 [INFO] kupec failed CreativeFly: tried to move: 122.71, 76.34, 107.58 -> 122.64, 77.79, 108.12, d=1.55 (vdist). VL 7809.
20-11-17 14:34:56 [INFO] kupec failed CreativeFly: tried to move: 141.05, 80.62, 133.20 -> 140.56, 81.00, 133.72, d=0.81 (hfrict+vdist). VL 1236.
20-11-17 14:35:01 [INFO] kupec failed CreativeFly: tried to move: 123.28, 89.84, 141.92 -> 121.97, 90.55, 142.57, d=1.63 (vdist). VL 1339.
20-11-17 14:35:06 [INFO] kupec failed CreativeFly: tried to move: 122.20, 100.25, 137.79 -> 122.82, 100.32, 137.27, d=0.82 (hfrict+vfrict_g+vdist). VL 250.
20-11-17 14:35:09 [INFO] kupec failed CreativeFly: tried to move: 130.50, 113.68, 128.57 -> 131.22, 114.89, 127.77, d=1.62 (vdist). VL 436.
20-11-17 14:35:11 [INFO] kupec failed CreativeFly: tried to move: 138.44, 126.38, 119.74 -> 138.80, 126.98, 119.34, d=0.81 (hfrict+vfrict_g+vdist). VL 255.
20-11-17 14:35:14 [INFO] kupec failed CreativeFly: tried to move: 146.03, 138.13, 111.31 -> 146.75, 139.34, 110.51, d=1.62 (vdist). VL 732.
20-11-17 14:35:39 [INFO] kupec failed SurvivalFly: tried to move: 138.41, 64.00, 112.35 -> 133.29, 64.00, 113.56, d=5.26 (permchecks+hbufuse+hspeed). VL 404.
20-11-17 14:35:47 [INFO] kupec failed SurvivalFly: tried to move: 136.15, 64.00, 112.94 -> 135.36, 64.85, 113.14, d=1.18 (permchecks+hspeed+vdistrel). VL 363.
20-11-17 14:35:49 [INFO] kupec failed SurvivalFly: tried to move: 132.27, 65.02, 113.83 -> 131.81, 65.44, 113.90, d=0.63 (bunnyenv+permchecks+bunnyenv+hbufuse+vdistrel+vdistsb+ychincfly+maxphase). VL 427.
20-11-17 14:37:20 [INFO] kupec failed SurvivalFly: tried to move: 166.30, 65.00, 96.74 -> 166.30, 65.00, 96.78, d=0.04 (vacc). VL 54.
20-11-17 14:37:28 [INFO] kupec failed SurvivalFly: tried to move: 164.74, 65.00, 96.24 -> 164.73, 65.42, 96.28, d=0.42 (vdistrel+ychincfly). VL 104.
20-11-17 14:37:55 [INFO] kupec failed SurvivalFly: tried to move: 166.38, 65.00, 96.37 -> 166.87, 65.42, 96.34, d=0.65 (bunnyenv+permchecks+bunnyenv+hbufuse+vdistrel+ychincfly). VL 48.
20-11-17 14:38:09 [INFO] kupec failed SurvivalFly: tried to move: 166.36, 65.00, 96.59 -> 166.85, 65.42, 96.55, d=0.65 (bunnyenv+permchecks+bunnyenv+hbufuse+vdistrel+ychincfly). VL 48.
20-11-17 14:38:36 [INFO] kupec failed SurvivalFly: tried to move: 166.32, 65.00, 96.26 -> 166.79, 65.42, 96.23, d=0.64 (bunnyenv+permchecks+bunnyenv+hbufuse+vdistrel+ychincfly). VL 48.
20-11-17 14:38:55 [INFO] kupec failed SurvivalFly: tried to move: 166.43, 65.00, 96.56 -> 166.92, 65.42, 96.55, d=0.65 (bunnyenv+permchecks+bunnyenv+hbufuse+vdistrel+ychincfly). VL 50.
20-11-17 14:39:19 [INFO] kupec failed CreativeFly: tried to move: 127.11, 89.54, 144.97 -> 128.50, 90.28, 145.41, d=1.63 (vdist). VL 155.
20-11-17 14:39:24 [INFO] kupec failed CreativeFly: tried to move: 134.27, 86.16, 140.36 -> 133.65, 86.69, 140.03, d=0.88 (hfrict+vdist). VL 161.
20-11-17 14:39:26 [INFO] kupec failed CreativeFly: tried to move: 111.84, 73.24, 137.62 -> 111.06, 73.47, 137.70, d=0.81 (hfrict+vfrict_g+vdist). VL 81.
20-11-17 14:39:26 [INFO] kupec failed CreativeFly: tried to move: 111.84, 73.24, 137.62 -> 110.56, 74.25, 137.53, d=1.63 (vdist). VL 406.
20-11-17 14:39:31 [INFO] kupec failed CreativeFly: tried to move: 109.66, 86.66, 139.75 -> 109.85, 87.24, 140.28, d=0.81 (hfrict+vfrict_g+vdist). VL 907.
20-11-17 14:39:53 [INFO] kupec failed CreativeFly: tried to move: 135.03, 64.50, 130.39 -> 134.23, 65.36, 130.21, d=1.19 (hfrict+vdist). VL 346.
20-11-17 14:39:54 [INFO] kupec failed CreativeFly: tried to move: 135.03, 64.50, 130.39 -> 134.35, 65.35, 130.81, d=1.16 (vdist). VL 432.
20-11-17 14:39:59 [INFO] kupec failed CreativeFly: tried to move: 119.04, 65.80, 123.11 -> 117.64, 65.82, 122.25, d=1.64 (vdist). VL 1369.
20-11-17 14:41:21 [INFO] kupec failed SurvivalFly: tried to move: 109.77, 65.02, 100.96 -> 109.76, 65.00, 100.86, d=0.10 (vdistrel). VL 75.
20-11-17 14:41:23 [INFO] kupec failed SurvivalFly: tried to move: 108.96, 65.02, 100.94 -> 108.95, 65.00, 100.84, d=0.11 (vdistrel). VL 112.
20-11-17 14:41:42 [INFO] kupec failed SurvivalFly: tried to move: 129.74, 64.13, 96.30 -> 129.68, 64.13, 96.21, d=0.11 (vacc). VL 4.
20-11-17 14:41:43 [INFO] kupec failed SurvivalFly: tried to move: 129.77, 64.13, 96.31 -> 129.61, 64.13, 96.34, d=0.16 (maxphase). VL 106.
20-11-17 14:41:48 [INFO] kupec failed SurvivalFly: tried to move: 129.83, 64.13, 96.30 -> 129.75, 64.13, 96.30, d=0.07 (maxphase). VL 401.
20-11-17 14:41:53 [INFO] kupec failed SurvivalFly: tried to move: 129.92, 64.13, 96.44 -> 129.92, 64.13, 96.50, d=0.06 (maxphase). VL 899.
20-11-17 14:42:01 [INFO] kupec failed SurvivalFly: tried to move: 129.92, 64.13, 96.30 -> (HOVER), d=0.0(HOVER) (hover). VL 1899.
20-11-17 14:42:01 [INFO] (CONSOLE) Kicked kupec : Kicked for flying (or related)
20-11-17 14:42:07 [INFO] kupec failed SurvivalFly: tried to move: 130.02, 64.13, 96.31 -> 130.17, 64.13, 96.31, d=0.15 (maxphase). VL 1819.
20-11-17 14:42:07 [INFO] (CONSOLE) Kicked kupec : Kicked for flying (or related)
20-11-17 14:42:10 [INFO] kupec failed Relog: relogs too fast. VL 1.
20-11-17 14:42:18 [INFO] kupec failed SurvivalFly: tried to move: 129.92, 64.13, 96.30 -> 129.92, 64.54, 96.30, d=0.42 (vdistrel+vdistsb+ychincfly+maxphase). VL 1776.
20-11-17 14:42:18 [INFO] (CONSOLE) Kicked kupec : Kicked for flying (or related)
20-11-17 14:42:22 [INFO] kupec failed Relog: relogs too fast. VL 3.
20-11-17 14:42:45 [INFO] kupec failed SurvivalFly: tried to move: 129.92, 64.13, 96.30 -> (HOVER), d=0.0(HOVER) (hover). VL 2276.
20-11-17 14:42:45 [INFO] (CONSOLE) Kicked kupec : Kicked for flying (or related)
20-11-17 14:42:48 [INFO] kupec failed Relog: relogs too fast. VL 4.
20-11-17 14:43:41 [INFO] kupec failed Passable: moved into a block ([blocktype]) from 124.69, 64.00, 126.09 to 124.73, 64.00, 126.13 distance 0.06 . VL 10.
20-11-17 14:48:47 [INFO] Removed hook: AllViolations(NCP) [1.0].
20-11-17 14:48:47 [FINE] | cancel.dead 0 | cancel.offline 0 | block.interact.look.current 6 (6/0) | block.interact.look.flying.first 0 | block.interact.look.flying.other 0 | illegalitem 0 | boatsanywhere 0 | throwenderpearl 0 | fakeinvulnerable 0 | eggonentity 0 | event.player.move 7949 (7949/0) |
20-11-17 14:48:47 [INFO] [GenericInstanceRegistry] Registry cleared.
20-11-17 17:24:42 [INFO] Logger started.
20-11-17 17:24:42 [INFO] Logging system initialized.
20-11-17 17:24:42 [INFO] Detected Minecraft version: 1.16.4
20-11-17 17:24:50 [WARNING] The Minecraft version seems to be more recent than the one Compat-CB-Reflect has been built with - this might work, but there could be incompatibilities.
20-11-17 17:24:50 [INFO] McAccess set to: 1.4.5-1.12.2|? / CB-Reflect
20-11-17 17:24:50 [INFO] Added block-info for Minecraft 1.5 blocks.
20-11-17 17:24:50 [INFO] Added block-info for Minecraft 1.6.1 blocks.
20-11-17 17:24:50 [INFO] Added block-info for Minecraft 1.7.2 blocks.
20-11-17 17:24:50 [INFO] Added block-info for Minecraft 1.8 blocks.
20-11-17 17:24:50 [INFO] Added block-info for Minecraft 1.9 blocks.
20-11-17 17:24:50 [INFO] Added block-info for Minecraft 1.10 blocks.
20-11-17 17:24:50 [INFO] Added block-info for Minecraft 1.11 blocks.
20-11-17 17:24:50 [INFO] Added block-info for Minecraft 1.12 blocks.
20-11-17 17:24:50 [INFO] Update block-info: WATER_LILY block shape patch for multi client protocol support around 1.7.x - 1.11.x.
20-11-17 17:24:50 [INFO] Inventory checks: FastConsume is available, disabled InstantEat.
20-11-17 17:24:50 [INFO] Packet level access: ProtocolLib is not available.
20-11-17 17:24:50 [INFO] Force disable FastHeal on Minecraft 1.9 and later.
20-11-17 17:24:50 [INFO] Version 3.16.0-RC-sMD5NET-b1134 is enabled.
20-11-17 17:25:02 [INFO] Post-enable running...
20-11-17 17:25:02 [INFO] [GenericInstanceRegistry] Registered for itself: fr.neatmonster.nocheatplus.stats.Counters
20-11-17 17:25:02 [INFO] [GenericInstanceRegistry] Registered for itself: fr.neatmonster.nocheatplus.checks.workaround.WRPT
20-11-17 17:25:02 [INFO] [GenericInstanceRegistry] Registered for itself: fr.neatmonster.nocheatplus.checks.moving.location.tracking.LocationTrace$TraceEntryPool
20-11-17 17:25:02 [INFO] [GenericInstanceRegistry] Registered for itself: fr.neatmonster.nocheatplus.utilities.entity.PassengerUtil
20-11-17 17:25:02 [INFO] [GenericInstanceRegistry] Registered for itself: java.util.Random
20-11-17 17:25:02 [INFO] [GenericInstanceRegistry] Registered for fr.neatmonster.nocheatplus.compat.IBridgeCrossPlugin: fr.neatmonster.nocheatplus.compat.meta.BridgeCrossPlugin
20-11-17 17:25:02 [INFO] [GenericInstanceRegistry] Registered for fr.neatmonster.nocheatplus.compat.MCAccess: fr.neatmonster.nocheatplus.compat.cbreflect.MCAccessCBReflect
20-11-17 17:25:02 [INFO] [GenericInstanceRegistry] Registered for fr.neatmonster.nocheatplus.utilities.map.BlockCache: fr.neatmonster.nocheatplus.compat.cbreflect.BlockCacheCBReflect
20-11-17 17:25:02 [INFO] [GenericInstanceRegistry] Registered for fr.neatmonster.nocheatplus.components.modifier.IAttributeAccess: fr.neatmonster.nocheatplus.compat.bukkit.BukkitAttributeAccess
20-11-17 17:25:02 [INFO] [GenericInstanceRegistry] Registered for fr.neatmonster.nocheatplus.components.entity.IEntityAccessLastPositionAndLook: fr.neatmonster.nocheatplus.compat.cbreflect.reflect.ReflectEntityLastPositionAndLook
20-11-17 17:25:02 [INFO] [GenericInstanceRegistry] Registered for fr.neatmonster.nocheatplus.components.entity.IEntityAccessVehicle: fr.neatmonster.nocheatplus.compat.bukkit.EntityAccessVehicleMultiPassenger
20-11-17 17:25:02 [INFO] [GenericInstanceRegistry] Registered for itself: fr.neatmonster.nocheatplus.checks.moving.util.AuxMoving
20-11-17 17:25:02 [INFO] Added hook: AllViolations(NCP) [1.0].
20-11-17 17:25:02 [INFO] Post-enable finished.
20-11-17 17:25:03 [INFO] ---- Version information ----
#### Server ####
git-Paper-282 ~MC: 1.16.4~
  detected: 1.16.4
#### NoCheatPlus ####
Plugin: 3.16.0-RC-sMD5NET-b1134
MCAccess: 1.4.5-1.12.2|? / CB-Reflect
Features:
  blocks: BlocksMC1_4 | BlocksMC1_5 | BlocksMC1_6_1 | BlocksMC1_7_2 | BlocksMC1_8 | BlocksMC1_9 | BlocksMC1_10 | BlocksMC1_11 | BlocksMC1_12
  checks: FastConsume | Gutenberg | HotFixFallingBlockPortalEnter
  defaults: pvpKnockBackVelocity
Hooks: AllViolations~NCP~ 1.0
#### Related Plugins ####
ViaVersion v3.2.0
20-11-17 17:26:01 [INFO] kupec failed Relog: relogs too fast. VL 1.
20-11-17 17:26:27 [INFO] kupec failed SurvivalFly: tried to move: 133.60, 65.10, 97.25 -> 133.65, 65.03, 97.25, d=0.09 (hacc+ychdec). VL 0.
20-11-17 18:26:49 [INFO] kupec failed SurvivalFly: tried to move: 91.68, 64.93, 107.52 -> 92.09, 64.70, 107.22, d=0.56 (bunnyfriction+bunnyfly(5)+hacc+lowjump). VL 95.
20-11-17 18:26:50 [INFO] kupec failed SurvivalFly: tried to move: 103.83, 64.40, 106.91 -> 104.38, 64.71, 106.90, d=0.63 (bunnyslope+hacc). VL 117.
20-11-17 18:27:11 [INFO] kupec failed SurvivalFly: tried to move: 118.87, 61.65, 85.80 -> 118.81, 61.41, 85.37, d=0.49 (permchecks+hbufuse+hspeed). VL 65.
20-11-17 18:27:11 [INFO] kupec failed SurvivalFly: tried to move: 118.87, 61.65, 85.80 -> 118.95, 61.69, 85.52, d=0.29 (permchecks+hspeed). VL 116.
20-11-17 18:27:12 [INFO] kupec failed SurvivalFly: tried to move: 118.87, 61.65, 85.80 -> 119.14, 61.69, 85.89, d=0.29 (permchecks+hspeed). VL 402.
20-11-17 18:27:17 [INFO] kupec failed SurvivalFly: tried to move: 118.87, 62.92, 85.80 -> 118.91, 62.89, 85.52, d=0.28 (permchecks+hspeed). VL 925.
20-11-17 18:27:23 [INFO] kupec failed SurvivalFly: tried to move: 123.72, 64.94, 76.53 -> 124.21, 65.09, 76.53, d=0.51 (bunnyfriction+bunnyfly(7)+hacc). VL 336.
20-11-17 18:27:27 [INFO] kupec failed SurvivalFly: tried to move: 151.57, 64.40, 78.84 -> 152.19, 64.71, 78.84, d=0.69 (permchecks+hbufuse+hspeed). VL 419.
20-11-17 18:27:34 [INFO] kupec failed SurvivalFly: tried to move: 159.72, 64.00, 98.28 -> 160.81, 64.40, 98.04, d=1.19 (permchecks+hspeed). VL 248.
20-11-17 19:09:05 [INFO] kupec failed SurvivalFly: tried to move: 125.70, 64.00, 84.58 -> 126.17, 66.07, 84.66, d=2.13 (bunnyhop+vdistrel+vdistsb). VL 165.
20-11-17 19:09:06 [INFO] kupec failed SurvivalFly: tried to move: 128.43, 64.00, 85.05 -> 128.46, 66.07, 85.05, d=2.07 (vdistrel+vdistsb). VL 494.
20-11-17 19:11:33 [INFO] Removed hook: AllViolations(NCP) [1.0].
20-11-17 19:11:33 [FINE] | cancel.dead 0 | cancel.offline 0 | block.interact.look.current 374 (374/0) | block.interact.look.flying.first 0 | block.interact.look.flying.other 0 | illegalitem 0 | boatsanywhere 0 | throwenderpearl 0 | fakeinvulnerable 0 | eggonentity 0 | event.player.move 16514 (16514/0) |
20-11-17 19:11:33 [INFO] [GenericInstanceRegistry] Registry cleared.
20-11-17 19:12:02 [INFO] Logger started.
20-11-17 19:12:02 [INFO] Logging system initialized.
20-11-17 19:12:02 [INFO] Detected Minecraft version: 1.16.4
20-11-17 19:12:07 [WARNING] The Minecraft version seems to be more recent than the one Compat-CB-Reflect has been built with - this might work, but there could be incompatibilities.
20-11-17 19:12:07 [INFO] McAccess set to: 1.4.5-1.12.2|? / CB-Reflect
20-11-17 19:12:07 [INFO] Added block-info for Minecraft 1.5 blocks.
20-11-17 19:12:07 [INFO] Added block-info for Minecraft 1.6.1 blocks.
20-11-17 19:12:07 [INFO] Added block-info for Minecraft 1.7.2 blocks.
20-11-17 19:12:07 [INFO] Added block-info for Minecraft 1.8 blocks.
20-11-17 19:12:07 [INFO] Added block-info for Minecraft 1.9 blocks.
20-11-17 19:12:07 [INFO] Added block-info for Minecraft 1.10 blocks.
20-11-17 19:12:07 [INFO] Added block-info for Minecraft 1.11 blocks.
20-11-17 19:12:07 [INFO] Added block-info for Minecraft 1.12 blocks.
20-11-17 19:12:07 [INFO] Update block-info: WATER_LILY block shape patch for multi client protocol support around 1.7.x - 1.11.x.
20-11-17 19:12:07 [INFO] Inventory checks: FastConsume is available, disabled InstantEat.
20-11-17 19:12:07 [INFO] Packet level access: ProtocolLib is not available.
20-11-17 19:12:07 [INFO] Force disable FastHeal on Minecraft 1.9 and later.
20-11-17 19:12:07 [INFO] Version 3.16.0-RC-sMD5NET-b1134 is enabled.
20-11-17 19:12:12 [INFO] Post-enable running...
20-11-17 19:12:12 [INFO] [GenericInstanceRegistry] Registered for itself: fr.neatmonster.nocheatplus.stats.Counters
20-11-17 19:12:12 [INFO] [GenericInstanceRegistry] Registered for itself: fr.neatmonster.nocheatplus.checks.workaround.WRPT
20-11-17 19:12:12 [INFO] [GenericInstanceRegistry] Registered for itself: fr.neatmonster.nocheatplus.checks.moving.location.tracking.LocationTrace$TraceEntryPool
20-11-17 19:12:12 [INFO] [GenericInstanceRegistry] Registered for itself: fr.neatmonster.nocheatplus.utilities.entity.PassengerUtil
20-11-17 19:12:12 [INFO] [GenericInstanceRegistry] Registered for itself: java.util.Random
20-11-17 19:12:12 [INFO] [GenericInstanceRegistry] Registered for fr.neatmonster.nocheatplus.compat.IBridgeCrossPlugin: fr.neatmonster.nocheatplus.compat.meta.BridgeCrossPlugin
20-11-17 19:12:12 [INFO] [GenericInstanceRegistry] Registered for fr.neatmonster.nocheatplus.compat.MCAccess: fr.neatmonster.nocheatplus.compat.cbreflect.MCAccessCBReflect
20-11-17 19:12:12 [INFO] [GenericInstanceRegistry] Registered for fr.neatmonster.nocheatplus.utilities.map.BlockCache: fr.neatmonster.nocheatplus.compat.cbreflect.BlockCacheCBReflect
20-11-17 19:12:12 [INFO] [GenericInstanceRegistry] Registered for fr.neatmonster.nocheatplus.components.modifier.IAttributeAccess: fr.neatmonster.nocheatplus.compat.bukkit.BukkitAttributeAccess
20-11-17 19:12:12 [INFO] [GenericInstanceRegistry] Registered for fr.neatmonster.nocheatplus.components.entity.IEntityAccessLastPositionAndLook: fr.neatmonster.nocheatplus.compat.cbreflect.reflect.ReflectEntityLastPositionAndLook
20-11-17 19:12:12 [INFO] [GenericInstanceRegistry] Registered for fr.neatmonster.nocheatplus.components.entity.IEntityAccessVehicle: fr.neatmonster.nocheatplus.compat.bukkit.EntityAccessVehicleMultiPassenger
20-11-17 19:12:12 [INFO] [GenericInstanceRegistry] Registered for itself: fr.neatmonster.nocheatplus.checks.moving.util.AuxMoving
20-11-17 19:12:12 [INFO] Added hook: AllViolations(NCP) [1.0].
20-11-17 19:12:12 [INFO] Post-enable finished.
20-11-17 19:12:13 [INFO] ---- Version information ----
#### Server ####
git-Paper-282 ~MC: 1.16.4~
  detected: 1.16.4
#### NoCheatPlus ####
Plugin: 3.16.0-RC-sMD5NET-b1134
MCAccess: 1.4.5-1.12.2|? / CB-Reflect
Features:
  blocks: BlocksMC1_4 | BlocksMC1_5 | BlocksMC1_6_1 | BlocksMC1_7_2 | BlocksMC1_8 | BlocksMC1_9 | BlocksMC1_10 | BlocksMC1_11 | BlocksMC1_12
  checks: FastConsume | Gutenberg | HotFixFallingBlockPortalEnter
  defaults: pvpKnockBackVelocity
Hooks: AllViolations~NCP~ 1.0
#### Related Plugins ####
ViaVersion v3.2.0
20-11-17 19:12:31 [INFO] kupec failed Passable: moved into a block ([blocktype]) from 140.02, 73.04, 85.56 to 140.01, 72.96, 85.60 distance 0.09 . VL 10.
20-11-17 19:13:55 [INFO] kupec failed Improbable: meets the improbable more than expected. VL 11.
20-11-17 19:16:28 [INFO] kupec failed SurvivalFly: tried to move: 72.31, 64.00, 13.16 -> 72.26, 64.20, 13.49, d=0.39 (permchecks+hbufuse+hspeed). VL 13.
20-11-17 19:28:07 [INFO] miniluky failed SurvivalFly: tried to move: 160.04, 65.02, 105.10 -> 159.98, 65.00, 105.04, d=0.09 (vdistrel+vacc). VL 89.
20-11-17 19:28:08 [INFO] miniluky failed SurvivalFly: tried to move: 160.38, 65.02, 104.96 -> 160.38, 65.00, 104.90, d=0.07 (vdistrel+vacc). VL 111.
20-11-17 19:28:18 [INFO] miniluky failed SurvivalFly: tried to move: 159.97, 65.02, 104.72 -> 160.03, 65.00, 104.63, d=0.11 (vdistrel+vacc). VL 291.
20-11-17 19:28:22 [INFO] kupec failed Passable: moved into a block ([blocktype]) from 158.02, 65.04, 101.35 to 158.00, 64.96, 101.31 distance 0.09 . VL 10.
20-11-17 19:28:27 [INFO] kupec failed Passable: moved into a block ([blocktype]) from 158.21, 65.04, 101.27 to 158.26, 64.96, 101.26 distance 0.09 . VL 47.
20-11-17 19:28:27 [INFO] miniluky failed Passable: moved into a block ([blocktype]) from 157.47, 65.02, 102.07 to 157.47, 64.94, 102.03 distance 0.09 . VL 11.
20-11-17 19:28:35 [INFO] miniluky failed Passable: moved into a block ([blocktype]) from 157.20, 65.02, 101.86 to 157.23, 64.88, 101.71 distance 0.21 . VL 23.
20-11-17 19:28:39 [INFO] miniluky failed SurvivalFly: tried to move: 160.17, 65.02, 104.83 -> 160.32, 65.00, 104.74, d=0.18 (vdistrel+vacc). VL 23.
20-11-17 19:28:43 [INFO] miniluky failed Passable: moved into a block ([blocktype]) from 157.31, 65.02, 101.82 to 157.32, 64.88, 101.77 distance 0.15 . VL 17.
20-11-17 19:28:47 [INFO] kupec failed Passable: moved into a block ([blocktype]) from 157.71, 65.02, 102.07 to 157.56, 64.88, 102.19 distance 0.24 . VL 22.
20-11-17 19:28:48 [INFO] miniluky failed Passable: moved into a block ([blocktype]) from 157.51, 65.02, 101.13 to 157.64, 64.88, 101.08 distance 0.19 . VL 14.
20-11-17 19:28:56 [INFO] miniluky failed Passable: moved into a block ([blocktype]) from 157.70, 65.02, 101.63 to 157.66, 64.88, 101.45 distance 0.23 . VL 11.
20-11-17 19:29:52 [INFO] kupec failed SurvivalFly: tried to move: 160.58, 64.20, 77.68 -> 160.41, 64.00, 77.38, d=0.40 (permchecks+hbufuse+hspeed). VL 31.
20-11-17 19:30:03 [INFO] kupec failed SurvivalFly: tried to move: 148.53, 64.20, 43.67 -> 148.71, 64.42, 44.15, d=0.56 (bunnyenv+permchecks+bunnyenv+hbufuse+vdistrel). VL 87.
20-11-17 19:30:04 [INFO] kupec failed SurvivalFly: tried to move: 149.94, 64.20, 49.68 -> 150.00, 64.00, 50.02, d=0.40 (permchecks+hbufuse+hspeed). VL 102.
20-11-17 19:30:26 [INFO] kupec failed SurvivalFly: tried to move: 147.58, 64.20, 54.21 -> 147.25, 64.00, 54.34, d=0.41 (permchecks+hbufuse+hspeed). VL 75.
20-11-17 19:31:58 [INFO] Removed hook: AllViolations(NCP) [1.0].
20-11-17 19:31:58 [FINE] | cancel.dead 0 | cancel.offline 0 | block.interact.look.current 72 (72/0) | block.interact.look.flying.first 0 | block.interact.look.flying.other 0 | illegalitem 0 | boatsanywhere 0 | throwenderpearl 0 | fakeinvulnerable 0 | eggonentity 0 | event.player.move 13614 (13614/0) |
20-11-17 19:31:58 [INFO] [GenericInstanceRegistry] Registry cleared.
