[11-20-2020 09:24:06] TPS: 20.0
Memory free: 4,319.57/5,461.50 (79.09%)
Players online: 1/10
Total chunks loaded: 2486
Total entities: 362

[11-20-2020 09:29:06] TPS: 20.0
Memory free: 4,861.85/5,461.50 (89.02%)
Players online: 1/10
Total chunks loaded: 2493
Total entities: 346

[11-20-2020 09:34:06] TPS: 20.0
Memory free: 4,432.22/5,461.50 (81.15%)
Players online: 1/10
Total chunks loaded: 3196
Total entities: 583

[11-20-2020 09:39:06] TPS: 20.0
Memory free: 4,628.06/5,461.50 (84.74%)
Players online: 1/10
Total chunks loaded: 3196
Total entities: 573

[11-20-2020 09:44:06] TPS: 20.0
Memory free: 4,224.30/5,461.50 (77.35%)
Players online: 1/10
Total chunks loaded: 3196
Total entities: 504

[11-20-2020 09:49:06] TPS: 20.0
Memory free: 4,437.72/5,461.50 (81.25%)
Players online: 1/10
Total chunks loaded: 3196
Total entities: 598

[11-20-2020 09:54:06] TPS: 20.0
Memory free: 4,144.67/5,461.50 (75.89%)
Players online: 1/10
Total chunks loaded: 3196
Total entities: 512

[11-20-2020 09:59:06] TPS: 20.0
Memory free: 3,930.85/5,461.50 (71.97%)
Players online: 1/10
Total chunks loaded: 3196
Total entities: 547

[11-20-2020 10:04:06] TPS: 20.0
Memory free: 4,136.89/5,461.50 (75.75%)
Players online: 1/10
Total chunks loaded: 3196
Total entities: 510

[11-20-2020 10:09:06] TPS: 20.0
Memory free: 4,008.50/5,461.50 (73.40%)
Players online: 1/10
Total chunks loaded: 3196
Total entities: 588

[11-20-2020 10:14:06] TPS: 20.0
Memory free: 4,525.87/5,461.50 (82.87%)
Players online: 1/10
Total chunks loaded: 3196
Total entities: 506

[11-20-2020 10:19:06] TPS: 20.0
Memory free: 4,748.92/5,461.50 (86.95%)
Players online: 1/10
Total chunks loaded: 3196
Total entities: 506

[11-20-2020 10:24:06] TPS: 20.0
Memory free: 4,096.30/5,461.50 (75.00%)
Players online: 1/10
Total chunks loaded: 3196
Total entities: 504

[11-20-2020 10:29:06] TPS: 20.0
Memory free: 4,216.62/5,461.50 (77.21%)
Players online: 1/10
Total chunks loaded: 3196
Total entities: 502

[11-20-2020 10:34:06] TPS: 20.0
Memory free: 4,061.74/5,461.50 (74.37%)
Players online: 1/10
Total chunks loaded: 3196
Total entities: 538

[11-20-2020 10:39:06] TPS: 20.0
Memory free: 4,087.52/5,461.50 (74.84%)
Players online: 1/10
Total chunks loaded: 3196
Total entities: 564

[11-20-2020 10:44:06] TPS: 20.0
Memory free: 4,645.41/5,461.50 (85.06%)
Players online: 1/10
Total chunks loaded: 3196
Total entities: 546

[11-20-2020 10:49:06] TPS: 20.0
Memory free: 4,138.68/5,461.50 (75.78%)
Players online: 1/10
Total chunks loaded: 3196
Total entities: 513

[11-20-2020 10:54:06] TPS: 20.0
Memory free: 4,358.06/5,461.50 (79.80%)
Players online: 1/10
Total chunks loaded: 3196
Total entities: 514

[11-20-2020 10:59:06] TPS: 20.0
Memory free: 4,329.88/5,461.50 (79.28%)
Players online: 1/10
Total chunks loaded: 3196
Total entities: 514

[11-20-2020 11:04:06] TPS: 20.0
Memory free: 4,451.35/5,461.50 (81.50%)
Players online: 1/10
Total chunks loaded: 3196
Total entities: 512

[11-20-2020 11:09:06] TPS: 20.0
Memory free: 4,572.07/5,461.50 (83.71%)
Players online: 1/10
Total chunks loaded: 3196
Total entities: 512

[11-20-2020 11:14:06] TPS: 20.0
Memory free: 3,864.43/5,461.50 (70.76%)
Players online: 1/10
Total chunks loaded: 3196
Total entities: 512

[11-20-2020 11:19:06] TPS: 20.0
Memory free: 4,128.66/5,461.50 (75.60%)
Players online: 1/10
Total chunks loaded: 3196
Total entities: 511

[11-20-2020 11:24:06] TPS: 20.0
Memory free: 4,474.62/5,461.50 (81.93%)
Players online: 0/10
Total chunks loaded: 2241
Total entities: 467

[11-20-2020 11:29:06] TPS: 20.0
Memory free: 4,128.38/5,461.50 (75.59%)
Players online: 1/10
Total chunks loaded: 3219
Total entities: 540

[11-20-2020 11:34:06] TPS: 20.0
Memory free: 4,565.07/5,461.50 (83.59%)
Players online: 1/10
Total chunks loaded: 3219
Total entities: 585

[11-20-2020 11:39:06] TPS: 20.0
Memory free: 4,553.61/5,461.50 (83.38%)
Players online: 1/10
Total chunks loaded: 3173
Total entities: 582

[11-20-2020 11:44:06] TPS: 20.0
Memory free: 3,849.46/5,461.50 (70.48%)
Players online: 1/10
Total chunks loaded: 3219
Total entities: 660

[11-20-2020 11:49:06] TPS: 20.0
Memory free: 3,690.52/5,461.50 (67.57%)
Players online: 1/10
Total chunks loaded: 3219
Total entities: 587

[11-20-2020 11:54:06] TPS: 20.0
Memory free: 3,781.11/5,461.50 (69.23%)
Players online: 1/10
Total chunks loaded: 3211
Total entities: 555

[11-20-2020 11:59:06] TPS: 20.0
Memory free: 3,629.47/5,461.50 (66.46%)
Players online: 1/10
Total chunks loaded: 3219
Total entities: 702

[11-20-2020 12:04:06] TPS: 20.0
Memory free: 4,362.57/5,461.50 (79.88%)
Players online: 1/10
Total chunks loaded: 3219
Total entities: 759

[11-20-2020 12:09:06] TPS: 20.0
Memory free: 4,240.99/5,461.50 (77.65%)
Players online: 1/10
Total chunks loaded: 3081
Total entities: 606

[11-20-2020 12:14:06] TPS: 20.0
Memory free: 4,034.62/5,461.50 (73.87%)
Players online: 1/10
Total chunks loaded: 3081
Total entities: 590

[11-20-2020 12:19:06] TPS: 20.0
Memory free: 4,177.09/5,461.50 (76.48%)
Players online: 1/10
Total chunks loaded: 3127
Total entities: 671

[11-20-2020 12:24:06] TPS: 20.0
Memory free: 3,813.03/5,461.50 (69.82%)
Players online: 0/10
Total chunks loaded: 2241
Total entities: 694

[11-20-2020 12:29:06] TPS: 20.0
Memory free: 3,696.63/5,461.50 (67.69%)
Players online: 0/10
Total chunks loaded: 2241
Total entities: 694

[11-20-2020 12:34:06] TPS: 20.0
Memory free: 3,699.35/5,461.50 (67.74%)
Players online: 0/10
Total chunks loaded: 2241
Total entities: 693

[11-20-2020 12:39:06] TPS: 20.0
Memory free: 3,677.65/5,461.50 (67.34%)
Players online: 0/10
Total chunks loaded: 2241
Total entities: 692

[11-20-2020 12:44:06] TPS: 20.0
Memory free: 3,676.42/5,461.50 (67.32%)
Players online: 0/10
Total chunks loaded: 2241
Total entities: 692

[11-20-2020 12:49:06] TPS: 20.0
Memory free: 3,630.01/5,461.50 (66.47%)
Players online: 0/10
Total chunks loaded: 2241
Total entities: 692

[11-20-2020 12:54:06] TPS: 20.0
Memory free: 4,413.47/5,461.50 (80.81%)
Players online: 0/10
Total chunks loaded: 2241
Total entities: 692

[11-20-2020 12:59:06] TPS: 20.0
Memory free: 4,285.48/5,461.50 (78.47%)
Players online: 0/10
Total chunks loaded: 2241
Total entities: 693

[11-20-2020 13:04:06] TPS: 20.0
Memory free: 4,173.96/5,461.50 (76.43%)
Players online: 0/10
Total chunks loaded: 2241
Total entities: 692

[11-20-2020 13:09:06] TPS: 20.0
Memory free: 4,027.40/5,461.50 (73.74%)
Players online: 0/10
Total chunks loaded: 2241
Total entities: 694

[11-20-2020 13:14:06] TPS: 20.0
Memory free: 3,854.33/5,461.50 (70.57%)
Players online: 0/10
Total chunks loaded: 2241
Total entities: 692

[11-20-2020 13:19:06] TPS: 20.0
Memory free: 3,738.95/5,461.50 (68.46%)
Players online: 0/10
Total chunks loaded: 2241
Total entities: 692

[11-20-2020 13:24:06] TPS: 20.0
Memory free: 3,592.89/5,461.50 (65.79%)
Players online: 0/10
Total chunks loaded: 2241
Total entities: 692

[11-20-2020 13:29:06] TPS: 20.0
Memory free: 4,337.33/5,461.50 (79.42%)
Players online: 0/10
Total chunks loaded: 2241
Total entities: 693

[11-20-2020 13:34:06] TPS: 20.0
Memory free: 4,326.09/5,461.50 (79.21%)
Players online: 1/10
Total chunks loaded: 3209
Total entities: 631

[11-20-2020 13:39:06] TPS: 20.0
Memory free: 4,131.65/5,461.50 (75.65%)
Players online: 1/10
Total chunks loaded: 3151
Total entities: 680

[11-20-2020 13:44:06] TPS: 20.0
Memory free: 3,722.58/5,461.50 (68.16%)
Players online: 1/10
Total chunks loaded: 3387
Total entities: 765

[11-20-2020 13:49:06] TPS: 20.0
Memory free: 4,113.11/5,461.50 (75.31%)
Players online: 1/10
Total chunks loaded: 3219
Total entities: 744

[11-20-2020 13:54:06] TPS: 20.0
Memory free: 4,024.09/5,461.50 (73.68%)
Players online: 1/10
Total chunks loaded: 3081
Total entities: 607

[11-20-2020 13:59:06] TPS: 20.0
Memory free: 3,809.17/5,461.50 (69.75%)
Players online: 1/10
Total chunks loaded: 3202
Total entities: 670

[11-20-2020 14:04:06] TPS: 20.0
Memory free: 3,337.00/5,461.50 (61.10%)
Players online: 1/10
Total chunks loaded: 3219
Total entities: 705

[11-20-2020 14:09:06] TPS: 20.0
Memory free: 3,266.67/5,461.50 (59.81%)
Players online: 1/10
Total chunks loaded: 3219
Total entities: 710

[11-20-2020 14:14:06] TPS: 20.0
Memory free: 3,634.34/5,461.50 (66.54%)
Players online: 1/10
Total chunks loaded: 3219
Total entities: 653

[11-20-2020 14:19:06] TPS: 20.0
Memory free: 3,284.66/5,461.50 (60.14%)
Players online: 1/10
Total chunks loaded: 3219
Total entities: 646

[11-20-2020 14:24:06] TPS: 20.0
Memory free: 4,037.63/5,461.50 (73.93%)
Players online: 1/10
Total chunks loaded: 3219
Total entities: 644

[11-20-2020 14:29:06] TPS: 20.0
Memory free: 3,538.21/5,461.50 (64.78%)
Players online: 1/10
Total chunks loaded: 3219
Total entities: 650

[11-20-2020 14:34:06] TPS: 20.0
Memory free: 3,391.60/5,461.50 (62.10%)
Players online: 1/10
Total chunks loaded: 3219
Total entities: 631

[11-20-2020 14:39:06] TPS: 20.0
Memory free: 3,838.84/5,461.50 (70.29%)
Players online: 1/10
Total chunks loaded: 3219
Total entities: 655

[11-20-2020 14:44:06] TPS: 20.0
Memory free: 3,199.61/5,461.50 (58.58%)
Players online: 1/10
Total chunks loaded: 3219
Total entities: 633

[11-20-2020 14:49:06] TPS: 20.0
Memory free: 3,608.19/5,461.50 (66.07%)
Players online: 1/10
Total chunks loaded: 3219
Total entities: 633

[11-20-2020 14:54:06] TPS: 20.0
Memory free: 4,084.58/5,461.50 (74.79%)
Players online: 1/10
Total chunks loaded: 3219
Total entities: 635

[11-20-2020 14:59:06] TPS: 20.0
Memory free: 3,552.53/5,461.50 (65.05%)
Players online: 1/10
Total chunks loaded: 3219
Total entities: 630

[11-20-2020 15:04:06] TPS: 20.0
Memory free: 3,932.87/5,461.50 (72.01%)
Players online: 1/10
Total chunks loaded: 3219
Total entities: 636

[11-20-2020 15:09:06] TPS: 20.0
Memory free: 3,256.44/5,461.50 (59.63%)
Players online: 1/10
Total chunks loaded: 3219
Total entities: 635

[11-20-2020 15:14:06] TPS: 20.0
Memory free: 3,310.09/5,461.50 (60.61%)
Players online: 1/10
Total chunks loaded: 3219
Total entities: 646

[11-20-2020 15:19:06] TPS: 20.0
Memory free: 3,768.73/5,461.50 (69.01%)
Players online: 1/10
Total chunks loaded: 3219
Total entities: 697

[11-20-2020 15:24:06] TPS: 20.0
Memory free: 3,393.43/5,461.50 (62.13%)
Players online: 1/10
Total chunks loaded: 3219
Total entities: 716

[11-20-2020 15:29:06] TPS: 20.0
Memory free: 3,985.99/5,461.50 (72.98%)
Players online: 1/10
Total chunks loaded: 3219
Total entities: 629

[11-20-2020 15:34:06] TPS: 20.0
Memory free: 3,530.56/5,461.50 (64.64%)
Players online: 1/10
Total chunks loaded: 3219
Total entities: 643

[11-20-2020 15:39:06] TPS: 20.0
Memory free: 3,761.03/5,461.50 (68.86%)
Players online: 0/10
Total chunks loaded: 2241
Total entities: 552

[11-20-2020 15:44:06] TPS: 20.0
Memory free: 3,998.50/5,461.50 (73.21%)
Players online: 0/10
Total chunks loaded: 2241
Total entities: 552

[11-20-2020 15:49:06] TPS: 20.0
Memory free: 3,290.39/5,461.50 (60.25%)
Players online: 0/10
Total chunks loaded: 2241
Total entities: 552

[11-20-2020 15:54:06] TPS: 20.0
Memory free: 3,538.38/5,461.50 (64.79%)
Players online: 0/10
Total chunks loaded: 2241
Total entities: 555

[11-20-2020 15:59:06] TPS: 20.0
Memory free: 3,742.04/5,461.50 (68.52%)
Players online: 0/10
Total chunks loaded: 2241
Total entities: 552

[11-20-2020 16:04:06] TPS: 20.0
Memory free: 3,994.90/5,461.50 (73.15%)
Players online: 0/10
Total chunks loaded: 2241
Total entities: 552

[11-20-2020 16:09:06] TPS: 20.0
Memory free: 3,268.05/5,461.50 (59.84%)
Players online: 0/10
Total chunks loaded: 2241
Total entities: 553

[11-20-2020 16:14:06] TPS: 20.0
Memory free: 3,474.37/5,461.50 (63.62%)
Players online: 0/10
Total chunks loaded: 2241
Total entities: 552

[11-20-2020 16:19:06] TPS: 20.0
Memory free: 3,633.11/5,461.50 (66.52%)
Players online: 0/10
Total chunks loaded: 2241
Total entities: 552

[11-20-2020 16:24:06] TPS: 20.0
Memory free: 3,737.39/5,461.50 (68.43%)
Players online: 0/10
Total chunks loaded: 2241
Total entities: 552

[11-20-2020 16:29:06] TPS: 20.0
Memory free: 3,837.61/5,461.50 (70.27%)
Players online: 0/10
Total chunks loaded: 2241
Total entities: 552

[11-20-2020 16:34:06] TPS: 20.0
Memory free: 3,880.27/5,461.50 (71.05%)
Players online: 0/10
Total chunks loaded: 2241
Total entities: 553

[11-20-2020 16:39:06] TPS: 20.0
Memory free: 3,237.00/5,461.50 (59.27%)
Players online: 1/10
Total chunks loaded: 3188
Total entities: 619

[11-20-2020 16:44:06] TPS: 20.0
Memory free: 3,143.70/5,461.50 (57.56%)
Players online: 1/10
Total chunks loaded: 3196
Total entities: 726

[11-20-2020 16:49:06] TPS: 20.0
Memory free: 3,281.28/5,461.50 (60.08%)
Players online: 1/10
Total chunks loaded: 3196
Total entities: 715

[11-20-2020 16:54:06] TPS: 20.0
Memory free: 3,509.82/5,461.50 (64.26%)
Players online: 1/10
Total chunks loaded: 3196
Total entities: 611

[11-20-2020 16:59:06] TPS: 20.0
Memory free: 3,246.82/5,461.50 (59.45%)
Players online: 1/10
Total chunks loaded: 3196
Total entities: 678

[11-20-2020 17:04:06] TPS: 20.0
Memory free: 3,461.23/5,461.50 (63.38%)
Players online: 1/10
Total chunks loaded: 3196
Total entities: 609

[11-20-2020 17:09:06] TPS: 20.0
Memory free: 3,692.10/5,461.50 (67.60%)
Players online: 1/10
Total chunks loaded: 3196
Total entities: 603

[11-20-2020 17:14:06] TPS: 20.0
Memory free: 2,952.44/5,461.50 (54.06%)
Players online: 1/10
Total chunks loaded: 3196
Total entities: 608

[11-20-2020 17:19:06] TPS: 20.0
Memory free: 2,970.64/5,461.50 (54.39%)
Players online: 1/10
Total chunks loaded: 3196
Total entities: 602

[11-20-2020 17:24:06] TPS: 20.0
Memory free: 3,165.24/5,461.50 (57.96%)
Players online: 1/10
Total chunks loaded: 3219
Total entities: 695

[11-20-2020 17:29:06] TPS: 20.0
Memory free: 3,783.58/5,461.50 (69.28%)
Players online: 1/10
Total chunks loaded: 3196
Total entities: 690

[11-20-2020 17:34:06] TPS: 20.0
Memory free: 3,357.76/5,461.50 (61.48%)
Players online: 1/10
Total chunks loaded: 3197
Total entities: 647

[11-20-2020 17:39:06] TPS: 20.0
Memory free: 3,493.83/5,461.50 (63.97%)
Players online: 1/10
Total chunks loaded: 3219
Total entities: 700

[11-20-2020 17:44:06] TPS: 20.0
Memory free: 3,477.28/5,461.50 (63.67%)
Players online: 1/10
Total chunks loaded: 3219
Total entities: 713

[11-20-2020 17:49:06] TPS: 20.0
Memory free: 3,168.60/5,461.50 (58.02%)
Players online: 1/10
Total chunks loaded: 3170
Total entities: 692

[11-20-2020 17:54:06] TPS: 20.0
Memory free: 3,681.00/5,461.50 (67.40%)
Players online: 1/10
Total chunks loaded: 3167
Total entities: 646

[11-20-2020 17:59:06] TPS: 20.0
Memory free: 3,537.58/5,461.50 (64.77%)
Players online: 1/10
Total chunks loaded: 3219
Total entities: 684

[11-20-2020 18:04:06] TPS: 20.0
Memory free: 3,584.45/5,461.50 (65.63%)
Players online: 1/10
Total chunks loaded: 3219
Total entities: 732

[11-20-2020 18:09:17] TPS: 16.777777791023254
Memory free: 3,356.80/5,461.50 (61.46%)
Players online: 1/10
Total chunks loaded: 3080
Total entities: 715

[11-20-2020 18:14:17] TPS: 20.0
Memory free: 3,204.09/5,461.50 (58.67%)
Players online: 1/10
Total chunks loaded: 3079
Total entities: 641

[11-20-2020 18:19:17] TPS: 20.0
Memory free: 3,103.11/5,461.50 (56.82%)
Players online: 1/10
Total chunks loaded: 3116
Total entities: 660

[11-20-2020 18:24:17] TPS: 20.0
Memory free: 3,050.33/5,461.50 (55.85%)
Players online: 0/10
Total chunks loaded: 2241
Total entities: 630

[11-20-2020 18:29:17] TPS: 20.0
Memory free: 2,832.21/5,461.50 (51.86%)
Players online: 0/10
Total chunks loaded: 2241
Total entities: 628

[11-20-2020 18:34:17] TPS: 20.0
Memory free: 2,680.38/5,461.50 (49.08%)
Players online: 0/10
Total chunks loaded: 2241
Total entities: 628

[11-20-2020 18:39:16] TPS: 20.0
Memory free: 3,476.66/5,461.50 (63.66%)
Players online: 0/10
Total chunks loaded: 2241
Total entities: 628

[11-20-2020 18:44:16] TPS: 20.0
Memory free: 3,339.26/5,461.50 (61.14%)
Players online: 0/10
Total chunks loaded: 2241
Total entities: 628

[11-20-2020 18:49:16] TPS: 20.0
Memory free: 3,237.23/5,461.50 (59.27%)
Players online: 0/10
Total chunks loaded: 2241
Total entities: 628

[11-20-2020 18:54:16] TPS: 20.0
Memory free: 3,117.06/5,461.50 (57.07%)
Players online: 0/10
Total chunks loaded: 2241
Total entities: 628

